2023-11-05 20:38:15,446 [INFO] Activator:176 - 


2023-11-05 20:38:15,448 [INFO] Activator:177 - !SESSION log4j initialized
2023-11-05 20:38:18,988 [INFO] LogOutputStream:77 - [STDOUT_REDIRECT] 
2023-11-05 20:38:21,489 [INFO] ApplicationProperties:184 - Using Application install path: C:\Software\STM32CubeIDE_1.13.0\STM32CubeIDE\plugins\com.st.stm32cube.common.mx_6.9.0.202307051724
2023-11-05 20:38:21,510 [INFO] DbMcusXml:78 - Set database path to: C:\Software\STM32CubeIDE_1.13.0\STM32CubeIDE\plugins\com.st.stm32cube.common.mx_6.9.0.202307051724\\db\/mcu/
2023-11-05 20:38:21,511 [INFO] ApiDb:274 - Set plugin database path to: C:\Software\STM32CubeIDE_1.13.0\STM32CubeIDE\plugins\com.st.stm32cube.common.mx_6.9.0.202307051724\\db\/plugins/boardmanager/
2023-11-05 20:38:21,512 [WARN] ApiDb:259 - Overriding images path with different value:  => C:\Software\STM32CubeIDE_1.13.0\STM32CubeIDE\plugins\com.st.stm32cube.common.mx_6.9.0.202307051724\\db\/plugins/mcufinder/images/
2023-11-05 20:38:22,827 [WARN] ApiFinderProperties:113 - C:\Users\flowi\.stmcufinder\plugins\mcufinder\mcu\mcuFinder.mfd doesn't exist
2023-11-05 20:38:22,830 [INFO] ApiDb:250 - Set database path to: C:\Users\flowi\.stmcufinder\plugins\mcufinder//mcu/
2023-11-05 20:38:22,833 [INFO] DbMcusAds:125 - Set database path to: C:\Users\flowi\.stmcufinder\plugins\mcufinder//mcu/
2023-11-05 20:38:22,835 [INFO] CrossReferenceDbSqlite:203 - Set database path to: C:\Users\flowi\.stmcufinder\plugins\mcufinder//mcu/cs/
2023-11-05 20:38:22,977 [INFO] RulesReader:64 - Compatibility file has been processed (293 Rules)
2023-11-05 20:38:23,096 [INFO] DbMcusXml:78 - Set database path to: C:\Software\STM32CubeIDE_1.13.0\STM32CubeIDE\plugins\com.st.stm32cube.common.mx_6.9.0.202307051724\\db\/mcu/
2023-11-05 20:38:23,096 [INFO] ApiDb:274 - Set plugin database path to: C:\Software\STM32CubeIDE_1.13.0\STM32CubeIDE\plugins\com.st.stm32cube.common.mx_6.9.0.202307051724\\db\/plugins/boardmanager/
2023-11-05 20:38:23,099 [INFO] ApiDb:261 - Set plugin images path to: C:\Software\STM32CubeIDE_1.13.0\STM32CubeIDE\plugins\com.st.stm32cube.common.mx_6.9.0.202307051724\\db\/plugins/mcufinder/images/
2023-11-05 20:38:23,100 [WARN] DbFile:41 - Overriding database path with different value: C:\Users\flowi\.stmcufinder\plugins\mcufinder/ => C:\Users\flowi\.stmcufinder\plugins\mcufinder
2023-11-05 20:38:23,100 [INFO] ApiDb:250 - Set database path to: C:\Users\flowi\.stmcufinder\plugins\mcufinder//mcu/
2023-11-05 20:38:23,100 [WARN] DbFile:41 - Overriding database path with different value: C:\Users\flowi\.stmcufinder\plugins\mcufinder/ => C:\Users\flowi\.stmcufinder\plugins\mcufinder
2023-11-05 20:38:23,100 [INFO] DbMcusAds:125 - Set database path to: C:\Users\flowi\.stmcufinder\plugins\mcufinder//mcu/
2023-11-05 20:38:23,100 [WARN] DbFile:41 - Overriding database path with different value: C:\Users\flowi\.stmcufinder\plugins\mcufinder/ => C:\Users\flowi\.stmcufinder\plugins\mcufinder
2023-11-05 20:38:23,101 [WARN] DbFile:41 - Overriding database path with different value: C:\Users\flowi\.stmcufinder\plugins\mcufinder/ => C:\Users\flowi\.stmcufinder\plugins\mcufinder
2023-11-05 20:38:23,101 [INFO] CrossReferenceDbSqlite:203 - Set database path to: C:\Users\flowi\.stmcufinder\plugins\mcufinder//mcu/cs/
2023-11-05 20:38:23,205 [INFO] MainPanel:262 - HeapMemory: 268435456
2023-11-05 20:38:23,300 [INFO] DbMcusXml:78 - Set database path to: C:\Software\STM32CubeIDE_1.13.0\STM32CubeIDE\plugins\com.st.stm32cube.common.mx_6.9.0.202307051724\\db\/mcu/
2023-11-05 20:38:23,300 [INFO] ApiDb:274 - Set plugin database path to: C:\Software\STM32CubeIDE_1.13.0\STM32CubeIDE\plugins\com.st.stm32cube.common.mx_6.9.0.202307051724\\db\/plugins/boardmanager/
2023-11-05 20:38:23,300 [INFO] ApiDb:261 - Set plugin images path to: C:\Software\STM32CubeIDE_1.13.0\STM32CubeIDE\plugins\com.st.stm32cube.common.mx_6.9.0.202307051724\\db\/plugins/mcufinder/images/
2023-11-05 20:38:23,301 [WARN] DbFile:41 - Overriding database path with different value: C:\Users\flowi\.stmcufinder\plugins\mcufinder/ => C:\Users\flowi\.stmcufinder\plugins\mcufinder
2023-11-05 20:38:23,302 [INFO] ApiDb:250 - Set database path to: C:\Users\flowi\.stmcufinder\plugins\mcufinder//mcu/
2023-11-05 20:38:23,302 [WARN] DbFile:41 - Overriding database path with different value: C:\Users\flowi\.stmcufinder\plugins\mcufinder/ => C:\Users\flowi\.stmcufinder\plugins\mcufinder
2023-11-05 20:38:23,302 [INFO] DbMcusAds:125 - Set database path to: C:\Users\flowi\.stmcufinder\plugins\mcufinder//mcu/
2023-11-05 20:38:23,302 [WARN] DbFile:41 - Overriding database path with different value: C:\Users\flowi\.stmcufinder\plugins\mcufinder/ => C:\Users\flowi\.stmcufinder\plugins\mcufinder
2023-11-05 20:38:23,302 [WARN] DbFile:41 - Overriding database path with different value: C:\Users\flowi\.stmcufinder\plugins\mcufinder/ => C:\Users\flowi\.stmcufinder\plugins\mcufinder
2023-11-05 20:38:23,302 [INFO] CrossReferenceDbSqlite:203 - Set database path to: C:\Users\flowi\.stmcufinder\plugins\mcufinder//mcu/cs/
2023-11-05 20:38:23,325 [INFO] ApplicationProperties:184 - Using Application install path: C:\Software\STM32CubeIDE_1.13.0\STM32CubeIDE\plugins\com.st.stm32cube.common.mx_6.9.0.202307051724
2023-11-05 20:38:23,328 [INFO] PluginManage:196 - Search for loadable plugins [exclusion list=, ]
2023-11-05 20:38:23,332 [INFO] PluginManage:310 - Check plugin analytics
2023-11-05 20:38:23,569 [INFO] AnalyticsPlugin:253 - Accepted Software Licenses: 
2023-11-05 20:38:23,570 [INFO] AnalyticsPlugin:255 - Accepted CMSIS Pack Licenses: 
2023-11-05 20:38:23,570 [INFO] AnalyticsPlugin:257 - Accepted Firmware Licenses: 
2023-11-05 20:38:23,574 [INFO] PluginManage:359 - Loaded plugin analytics (category:tool,tabindex:-1)
2023-11-05 20:38:23,574 [INFO] PluginManage:310 - Check plugin cadmodel
2023-11-05 20:38:23,579 [INFO] CADModel:105 - Init CAD model plugin
2023-11-05 20:38:23,580 [INFO] PluginManage:359 - Loaded plugin cadmodel (category:power,tabindex:5)
2023-11-05 20:38:23,580 [INFO] PluginManage:310 - Check plugin clock
2023-11-05 20:38:23,600 [INFO] PluginManage:359 - Loaded plugin clock (category:base,tabindex:2)
2023-11-05 20:38:23,600 [INFO] PluginManage:310 - Check plugin ddr
2023-11-05 20:38:23,605 [INFO] PluginManage:359 - Loaded plugin ddr (category:tool,tabindex:6)
2023-11-05 20:38:23,606 [INFO] PluginManage:310 - Check plugin filemanager
2023-11-05 20:38:23,801 [INFO] PluginManage:359 - Loaded plugin filemanager (category:base,tabindex:10)
2023-11-05 20:38:23,801 [INFO] PluginManage:310 - Check plugin ipmanager
2023-11-05 20:38:23,811 [INFO] PluginManage:359 - Loaded plugin ipmanager (category:base,tabindex:5)
2023-11-05 20:38:23,811 [INFO] PluginManage:310 - Check plugin lpbam
2023-11-05 20:38:23,823 [INFO] PluginManage:359 - Loaded plugin lpbam (category:base,tabindex:0)
2023-11-05 20:38:23,823 [INFO] PluginManage:310 - Check plugin memorymap
2023-11-05 20:38:23,840 [INFO] PluginManage:359 - Loaded plugin memorymap (category:base,tabindex:4)
2023-11-05 20:38:23,841 [INFO] PluginManage:310 - Check plugin pinoutandconfiguration
2023-11-05 20:38:23,851 [INFO] PluginManage:359 - Loaded plugin pinoutandconfiguration (category:base,tabindex:1)
2023-11-05 20:38:23,851 [INFO] PluginManage:310 - Check plugin pinoutconfig
2023-11-05 20:38:23,983 [WARN] SupportedApi:132 - Cannot load RTOS API schema: s4s-elt-must-match.1: The content of 'definitions' must match (annotation?, (simpleType | complexType)?, (unique | key | keyref)*)). A problem was found starting at: attribute.
2023-11-05 20:38:24,172 [INFO] PluginManage:359 - Loaded plugin pinoutconfig (category:base,tabindex:0)
2023-11-05 20:38:24,172 [INFO] PluginManage:310 - Check plugin power
2023-11-05 20:38:24,181 [INFO] PluginManage:359 - Loaded plugin power (category:power,tabindex:4)
2023-11-05 20:38:24,181 [INFO] PluginManage:310 - Check plugin projectmanager
2023-11-05 20:38:24,198 [INFO] PluginManage:359 - Loaded plugin projectmanager (category:projectmanager,tabindex:3)
2023-11-05 20:38:24,198 [INFO] PluginManage:310 - Check plugin thirdparty
2023-11-05 20:38:24,339 [INFO] PluginManage:359 - Loaded plugin thirdparty (category:base,tabindex:-1)
2023-11-05 20:38:24,339 [WARN] IntegrityCheckThread:84 - waiting for thirdparty lock release [integrity check]
2023-11-05 20:38:24,339 [INFO] PluginManage:310 - Check plugin tools
2023-11-05 20:38:24,339 [INFO] IntegrityCheckThread:86 - entering critical section [integrity check]
2023-11-05 20:38:24,341 [INFO] ThirdPartyUpdaterWithRetryManager:70 - Updater plugin not ready yet. [1/15]
2023-11-05 20:38:24,344 [INFO] PluginManage:359 - Loaded plugin tools (category:base,tabindex:7)
2023-11-05 20:38:24,344 [INFO] PluginManage:310 - Check plugin tutovideos
2023-11-05 20:38:24,540 [INFO] PluginManage:359 - Loaded plugin tutovideos (category:base,tabindex:-1)
2023-11-05 20:38:24,540 [INFO] PluginManage:310 - Check plugin updater
2023-11-05 20:38:24,551 [INFO] PluginManage:359 - Loaded plugin updater (category:base,tabindex:12)
2023-11-05 20:38:24,551 [INFO] PluginManage:310 - Check plugin userauth
2023-11-05 20:38:24,555 [INFO] UserAuth:113 - Init User Auth plugin
2023-11-05 20:38:24,555 [INFO] PluginManage:359 - Loaded plugin userauth (category:base,tabindex:14)
2023-11-05 20:38:24,556 [INFO] PluginManage:283 - PluginManage : Loaded plugins [17]
2023-11-05 20:38:24,771 [INFO] PinOutPanel:1499 - setPackage(No Configuration,No Configuration)
2023-11-05 20:38:24,866 [INFO] CADModel:165 - CPN selected for project level
2023-11-05 20:38:24,867 [INFO] CADModel:114 - Register for checkConnection events
2023-11-05 20:38:24,880 [INFO] IPUIPlugin:80 - create IPUIPlugin
2023-11-05 20:38:24,880 [INFO] PluginManager:220 - loadIPPluginJar : add adc
2023-11-05 20:38:24,882 [INFO] IPUIPlugin:80 - create IPUIPlugin
2023-11-05 20:38:24,882 [INFO] PluginManager:220 - loadIPPluginJar : add aes
2023-11-05 20:38:24,885 [INFO] IPUIPlugin:80 - create IPUIPlugin
2023-11-05 20:38:24,885 [INFO] PluginManager:220 - loadIPPluginJar : add can
2023-11-05 20:38:24,886 [INFO] IPUIPlugin:80 - create IPUIPlugin
2023-11-05 20:38:24,886 [INFO] PluginManager:220 - loadIPPluginJar : add comp
2023-11-05 20:38:24,888 [INFO] IPUIPlugin:80 - create IPUIPlugin
2023-11-05 20:38:24,888 [INFO] PluginManager:220 - loadIPPluginJar : add cryp
2023-11-05 20:38:24,890 [INFO] IPUIPlugin:80 - create IPUIPlugin
2023-11-05 20:38:24,890 [INFO] PluginManager:220 - loadIPPluginJar : add dfsdm
2023-11-05 20:38:24,896 [INFO] IPUIPlugin:80 - create IPUIPlugin
2023-11-05 20:38:24,896 [INFO] PluginManager:220 - loadIPPluginJar : add dma
2023-11-05 20:38:24,898 [INFO] IPUIPlugin:80 - create IPUIPlugin
2023-11-05 20:38:24,898 [INFO] PluginManager:220 - loadIPPluginJar : add dma3
2023-11-05 20:38:24,900 [INFO] IPUIPlugin:80 - create IPUIPlugin
2023-11-05 20:38:24,900 [INFO] PluginManager:220 - loadIPPluginJar : add fatfs
2023-11-05 20:38:24,903 [INFO] IPUIPlugin:80 - create IPUIPlugin
2023-11-05 20:38:24,903 [INFO] PluginManager:220 - loadIPPluginJar : add fmc
2023-11-05 20:38:24,909 [INFO] IPUIPlugin:80 - create IPUIPlugin
2023-11-05 20:38:24,909 [INFO] PluginManager:220 - loadIPPluginJar : add freertos
2023-11-05 20:38:24,910 [INFO] IPUIPlugin:80 - create IPUIPlugin
2023-11-05 20:38:24,910 [INFO] PluginManager:220 - loadIPPluginJar : add genericplugin
2023-11-05 20:38:24,912 [INFO] IPUIPlugin:80 - create IPUIPlugin
2023-11-05 20:38:24,912 [INFO] PluginManager:220 - loadIPPluginJar : add gfxmmu
2023-11-05 20:38:24,917 [INFO] IPUIPlugin:80 - create IPUIPlugin
2023-11-05 20:38:24,917 [INFO] PluginManager:220 - loadIPPluginJar : add gic
2023-11-05 20:38:24,920 [INFO] IPUIPlugin:80 - create IPUIPlugin
2023-11-05 20:38:24,920 [INFO] PluginManager:220 - loadIPPluginJar : add gpio
2023-11-05 20:38:24,922 [INFO] IPUIPlugin:80 - create IPUIPlugin
2023-11-05 20:38:24,922 [INFO] PluginManager:220 - loadIPPluginJar : add gtzc
2023-11-05 20:38:24,924 [INFO] IPUIPlugin:80 - create IPUIPlugin
2023-11-05 20:38:24,924 [INFO] PluginManager:220 - loadIPPluginJar : add hash
2023-11-05 20:38:24,927 [INFO] IPUIPlugin:80 - create IPUIPlugin
2023-11-05 20:38:24,927 [INFO] PluginManager:220 - loadIPPluginJar : add i2c
2023-11-05 20:38:24,929 [INFO] IPUIPlugin:80 - create IPUIPlugin
2023-11-05 20:38:24,929 [INFO] PluginManager:220 - loadIPPluginJar : add i2s
2023-11-05 20:38:24,932 [INFO] IPUIPlugin:80 - create IPUIPlugin
2023-11-05 20:38:24,932 [INFO] PluginManager:220 - loadIPPluginJar : add i3c
2023-11-05 20:38:24,935 [INFO] IPUIPlugin:80 - create IPUIPlugin
2023-11-05 20:38:24,935 [INFO] PluginManager:220 - loadIPPluginJar : add ipddr
2023-11-05 20:38:24,941 [INFO] IPUIPlugin:80 - create IPUIPlugin
2023-11-05 20:38:24,941 [INFO] PluginManager:220 - loadIPPluginJar : add linkedlist
2023-11-05 20:38:24,944 [INFO] IPUIPlugin:80 - create IPUIPlugin
2023-11-05 20:38:24,945 [INFO] PluginManager:220 - loadIPPluginJar : add lorawan
2023-11-05 20:38:24,946 [INFO] IPUIPlugin:80 - create IPUIPlugin
2023-11-05 20:38:24,946 [INFO] PluginManager:220 - loadIPPluginJar : add ltdc
2023-11-05 20:38:24,952 [INFO] IPUIPlugin:80 - create IPUIPlugin
2023-11-05 20:38:24,952 [INFO] PluginManager:220 - loadIPPluginJar : add mdma
2023-11-05 20:38:24,956 [INFO] IPUIPlugin:80 - create IPUIPlugin
2023-11-05 20:38:24,956 [INFO] PluginManager:220 - loadIPPluginJar : add nvic
2023-11-05 20:38:24,959 [INFO] IPUIPlugin:80 - create IPUIPlugin
2023-11-05 20:38:24,959 [INFO] PluginManager:220 - loadIPPluginJar : add opamp
2023-11-05 20:38:24,963 [INFO] IPUIPlugin:80 - create IPUIPlugin
2023-11-05 20:38:24,963 [INFO] PluginManager:220 - loadIPPluginJar : add openamp
2023-11-05 20:38:24,965 [INFO] IPUIPlugin:80 - create IPUIPlugin
2023-11-05 20:38:24,966 [INFO] PluginManager:220 - loadIPPluginJar : add pdm2pcm
2023-11-05 20:38:24,972 [INFO] IPUIPlugin:80 - create IPUIPlugin
2023-11-05 20:38:24,975 [INFO] PluginManager:220 - loadIPPluginJar : add plateformsettings
2023-11-05 20:38:24,978 [INFO] IPUIPlugin:80 - create IPUIPlugin
2023-11-05 20:38:24,978 [INFO] PluginManager:220 - loadIPPluginJar : add quadspi
2023-11-05 20:38:24,981 [INFO] IPUIPlugin:80 - create IPUIPlugin
2023-11-05 20:38:24,981 [INFO] PluginManager:220 - loadIPPluginJar : add resmgrutility
2023-11-05 20:38:24,985 [INFO] IPUIPlugin:80 - create IPUIPlugin
2023-11-05 20:38:24,985 [INFO] PluginManager:220 - loadIPPluginJar : add sai
2023-11-05 20:38:24,988 [INFO] IPUIPlugin:80 - create IPUIPlugin
2023-11-05 20:38:24,988 [INFO] PluginManager:220 - loadIPPluginJar : add spi
2023-11-05 20:38:24,993 [INFO] IPUIPlugin:80 - create IPUIPlugin
2023-11-05 20:38:24,993 [INFO] PluginManager:220 - loadIPPluginJar : add stm32_wpan
2023-11-05 20:38:24,994 [INFO] IPUIPlugin:80 - create IPUIPlugin
2023-11-05 20:38:24,996 [INFO] PluginManager:220 - loadIPPluginJar : add tim
2023-11-05 20:38:24,999 [INFO] IPUIPlugin:80 - create IPUIPlugin
2023-11-05 20:38:24,999 [INFO] PluginManager:220 - loadIPPluginJar : add touchsensing
2023-11-05 20:38:25,001 [INFO] IPUIPlugin:80 - create IPUIPlugin
2023-11-05 20:38:25,001 [INFO] PluginManager:220 - loadIPPluginJar : add tracer_emb
2023-11-05 20:38:25,003 [INFO] IPUIPlugin:80 - create IPUIPlugin
2023-11-05 20:38:25,004 [INFO] PluginManager:220 - loadIPPluginJar : add ts
2023-11-05 20:38:25,005 [INFO] IPUIPlugin:80 - create IPUIPlugin
2023-11-05 20:38:25,006 [INFO] PluginManager:220 - loadIPPluginJar : add tsc
2023-11-05 20:38:25,007 [INFO] IPUIPlugin:80 - create IPUIPlugin
2023-11-05 20:38:25,008 [INFO] PluginManager:220 - loadIPPluginJar : add ucpd
2023-11-05 20:38:25,011 [INFO] IPUIPlugin:80 - create IPUIPlugin
2023-11-05 20:38:25,011 [INFO] PluginManager:220 - loadIPPluginJar : add usart
2023-11-05 20:38:25,014 [INFO] IPUIPlugin:80 - create IPUIPlugin
2023-11-05 20:38:25,014 [INFO] PluginManager:220 - loadIPPluginJar : add usbx
2023-11-05 20:38:25,141 [INFO] CADModel:165 - CPN selected for project level
2023-11-05 20:38:25,142 [INFO] CADModel:114 - Register for checkConnection events
2023-11-05 20:38:25,142 [FATAL] Updater:308 - Updater called before beeing initialized
2023-11-05 20:38:25,142 [ERROR] CADModel:125 - Updater not yet initialized, retry later 
2023-11-05 20:38:25,269 [INFO] CADModel:165 - CPN selected for project level
2023-11-05 20:38:25,269 [INFO] CADModel:114 - Register for checkConnection events
2023-11-05 20:38:25,269 [FATAL] Updater:308 - Updater called before beeing initialized
2023-11-05 20:38:25,269 [ERROR] CADModel:125 - Updater not yet initialized, retry later 
2023-11-05 20:38:25,272 [FATAL] Updater:308 - Updater called before beeing initialized
2023-11-05 20:38:25,381 [FATAL] Updater:308 - Updater called before beeing initialized
2023-11-05 20:38:25,387 [INFO] DbMcusAds:53 - JSON generation date=Thu Sep 30 15:55:09 KST 2021 (1632984909247)
2023-11-05 20:38:25,387 [FATAL] Updater:308 - Updater called before beeing initialized
2023-11-05 20:38:25,418 [WARN] DetailPanel:346 - Failed to get advertising image, set to default
2023-11-05 20:38:25,505 [FATAL] Updater:308 - Updater called before beeing initialized
2023-11-05 20:38:25,506 [FATAL] Updater:308 - Updater called before beeing initialized
2023-11-05 20:38:25,506 [FATAL] Updater:308 - Updater called before beeing initialized
2023-11-05 20:38:25,506 [WARN] DetailPanel:346 - Failed to get advertising image, set to default
2023-11-05 20:38:25,507 [FATAL] Updater:308 - Updater called before beeing initialized
2023-11-05 20:38:25,553 [ERROR] Updater:1120 - MainUpdater not yet initialized. External WinMGr cannot be set.
2023-11-05 20:38:25,555 [INFO] Updater:1056 - Updater Version found : 6.9.0
2023-11-05 20:38:25,573 [INFO] ApplicationProperties:184 - Using Application install path: C:\Software\STM32CubeIDE_1.13.0\STM32CubeIDE\plugins\com.st.stm32cube.common.mx_6.9.0.202307051724
2023-11-05 20:38:25,610 [INFO] MainUpdater:521 - Copy updater definitions from MX database
2023-11-05 20:38:25,647 [INFO] MainUpdater:554 - Copy flag file definitions from MX database
2023-11-05 20:38:25,649 [INFO] MainUpdater:570 - Copy thirdparty index definitions from MX database
2023-11-05 20:38:25,651 [INFO] MainUpdater:589 - Copy default thirdparty db definitions from MX database
2023-11-05 20:38:26,053 [INFO] MainUpdater:2868 - connection check result : 10
2023-11-05 20:38:26,054 [INFO] MainUpdater:3562 - Updater definition file requires update
2023-11-05 20:38:26,055 [INFO] MainUpdater:285 - Updater Check For Update Now.
2023-11-05 20:38:26,056 [INFO] MicroXplorer:498 - Change Database Version : DB.6.0.90
2023-11-05 20:38:26,066 [INFO] McuFinderGlobals:63 - Set McuFinder mode to 2 (CubeIDE integrated)
2023-11-05 20:38:26,066 [INFO] UserAuth:179 - activating auth plugin
2023-11-05 20:38:26,068 [INFO] UserAuth:393 - Internet connection configuration mode: 1
2023-11-05 20:38:26,077 [INFO] JxBrowserEngine:151 - Initiate JxBrowser Engine with user profile folder
2023-11-05 20:38:26,162 [INFO] ServerAccessManage:473 - Download File updaters.zip
2023-11-05 20:38:26,398 [INFO] FileExtend:240 - Unzip File : updaters.zip
2023-11-05 20:38:26,398 [INFO] FileExtend:255 - Standard Zip Deflate
2023-11-05 20:38:27,174 [INFO] ServerAccessManage:473 - Download File PacksControlFlags.xml
2023-11-05 20:38:27,298 [INFO] ServerAccessManage:473 - Download File cubemx.pidx
2023-11-05 20:38:27,342 [WARN] MainUpdater:1189 - Updater busy. Cannot search thirdparties
2023-11-05 20:38:27,343 [INFO] ThirdPartyUpdaterWithRetryManager:96 - Updater plugin is busy. [1/15]
2023-11-05 20:38:28,418 [INFO] ServerAccessManage:473 - Download File STMicroelectronics.FP-ATR-ASTRA1.pdsc
2023-11-05 20:38:30,344 [WARN] MainUpdater:1189 - Updater busy. Cannot search thirdparties
2023-11-05 20:38:30,344 [INFO] ThirdPartyUpdaterWithRetryManager:96 - Updater plugin is busy. [2/15]
2023-11-05 20:38:30,504 [INFO] WebApp:157 - Instantiating new browser for Auth
2023-11-05 20:38:31,007 [INFO] WebApp:753 - Register for checkConnection events
2023-11-05 20:38:31,008 [INFO] WebApp:390 - Apply proxy settings
2023-11-05 20:38:31,008 [INFO] WebApp:475 - Chromium requires no authentication
2023-11-05 20:38:31,017 [INFO] WebApp:418 - Direct internet connection detected
2023-11-05 20:38:31,134 [INFO] WebApp:188 - Starting web application
2023-11-05 20:38:31,134 [INFO] WebApp:520 - Web application path used C:\Software\STM32CubeIDE_1.13.0\STM32CubeIDE\plugins\com.st.stm32cube.common.mx_6.9.0.202307051724\db\plugins\mcufinder\reactClient1\index.html
2023-11-05 20:38:31,893 [INFO] ServerAccessManage:473 - Download File STMicroelectronics.FP-ATR-SIGFOX1.pdsc
2023-11-05 20:38:33,345 [WARN] MainUpdater:1189 - Updater busy. Cannot search thirdparties
2023-11-05 20:38:33,345 [INFO] ThirdPartyUpdaterWithRetryManager:96 - Updater plugin is busy. [3/15]
2023-11-05 20:38:34,111 [INFO] ServerAccessManage:473 - Download File STMicroelectronics.FP-SNS-FLIGHT1.pdsc
2023-11-05 20:38:36,346 [WARN] MainUpdater:1189 - Updater busy. Cannot search thirdparties
2023-11-05 20:38:36,346 [INFO] ThirdPartyUpdaterWithRetryManager:96 - Updater plugin is busy. [4/15]
2023-11-05 20:38:37,495 [INFO] ServerAccessManage:473 - Download File STMicroelectronics.FP-SNS-MOTENV1.pdsc
2023-11-05 20:38:39,348 [WARN] MainUpdater:1189 - Updater busy. Cannot search thirdparties
2023-11-05 20:38:39,348 [INFO] ThirdPartyUpdaterWithRetryManager:96 - Updater plugin is busy. [5/15]
2023-11-05 20:38:41,053 [INFO] ServerAccessManage:473 - Download File STMicroelectronics.FP-SNS-SMARTAG2.pdsc
2023-11-05 20:38:41,860 [INFO] ServerAccessManage:473 - Download File STMicroelectronics.X-CUBE-AI.pdsc
2023-11-05 20:38:42,350 [WARN] MainUpdater:1189 - Updater busy. Cannot search thirdparties
2023-11-05 20:38:42,350 [INFO] ThirdPartyUpdaterWithRetryManager:96 - Updater plugin is busy. [6/15]
2023-11-05 20:38:45,351 [WARN] MainUpdater:1189 - Updater busy. Cannot search thirdparties
2023-11-05 20:38:45,351 [INFO] ThirdPartyUpdaterWithRetryManager:96 - Updater plugin is busy. [7/15]
2023-11-05 20:38:48,353 [WARN] MainUpdater:1189 - Updater busy. Cannot search thirdparties
2023-11-05 20:38:48,353 [INFO] ThirdPartyUpdaterWithRetryManager:96 - Updater plugin is busy. [8/15]
2023-11-05 20:38:51,355 [WARN] MainUpdater:1189 - Updater busy. Cannot search thirdparties
2023-11-05 20:38:51,355 [INFO] ThirdPartyUpdaterWithRetryManager:96 - Updater plugin is busy. [9/15]
2023-11-05 20:38:51,978 [ERROR] LogOutputStream:75 - [STDERR_REDIRECT] SLF4J: Failed to load class "org.slf4j.impl.StaticLoggerBinder".
2023-11-05 20:38:51,979 [ERROR] LogOutputStream:75 - [STDERR_REDIRECT] SLF4J: Defaulting to no-operation (NOP) logger implementation
2023-11-05 20:38:51,980 [ERROR] LogOutputStream:75 - [STDERR_REDIRECT] SLF4J: See http://www.slf4j.org/codes.html#StaticLoggerBinder for further details.
2023-11-05 20:38:54,356 [WARN] MainUpdater:1189 - Updater busy. Cannot search thirdparties
2023-11-05 20:38:54,356 [INFO] ThirdPartyUpdaterWithRetryManager:96 - Updater plugin is busy. [10/15]
2023-11-05 20:38:55,489 [INFO] ServerAccessManage:473 - Download File STMicroelectronics.X-CUBE-ALS.pdsc
2023-11-05 20:38:57,358 [WARN] MainUpdater:1189 - Updater busy. Cannot search thirdparties
2023-11-05 20:38:57,358 [INFO] ThirdPartyUpdaterWithRetryManager:96 - Updater plugin is busy. [11/15]
2023-11-05 20:38:57,599 [INFO] ServerAccessManage:473 - Download File STMicroelectronics.X-CUBE-BLE1.pdsc
2023-11-05 20:39:00,359 [WARN] MainUpdater:1189 - Updater busy. Cannot search thirdparties
2023-11-05 20:39:00,359 [INFO] ThirdPartyUpdaterWithRetryManager:96 - Updater plugin is busy. [12/15]
2023-11-05 20:39:03,361 [WARN] MainUpdater:1189 - Updater busy. Cannot search thirdparties
2023-11-05 20:39:03,361 [INFO] ThirdPartyUpdaterWithRetryManager:96 - Updater plugin is busy. [13/15]
2023-11-05 20:39:06,362 [WARN] MainUpdater:1189 - Updater busy. Cannot search thirdparties
2023-11-05 20:39:06,362 [INFO] ThirdPartyUpdaterWithRetryManager:96 - Updater plugin is busy. [14/15]
2023-11-05 20:39:09,363 [WARN] MainUpdater:1189 - Updater busy. Cannot search thirdparties
2023-11-05 20:39:09,363 [INFO] ThirdPartyUpdaterWithRetryManager:96 - Updater plugin is busy. [15/15]
2023-11-05 20:39:09,364 [ERROR] IntegrityCheckThread:130 - Cannot retrieve database content from updater: error -1
2023-11-05 20:39:09,364 [INFO] ThirdParty:978 - Integrity check success = false
2023-11-05 20:39:09,364 [INFO] IntegrityCheckThread:100 - exiting critical section [integrity check]
2023-11-05 20:39:09,364 [INFO] IntegrityCheckThread:103 - End integrity checks thread
2023-11-05 20:39:10,901 [ERROR] ServerAccessManage:1089 - Problem, file not found on Server
2023-11-05 20:39:12,112 [INFO] ServerAccessManage:473 - Download File STMicroelectronics.X-CUBE-BLE2.pdsc
2023-11-05 20:39:20,711 [INFO] MainUpdater:2868 - connection check result : 10
2023-11-05 20:39:20,713 [INFO] MainUpdater:661 - Updater currently busy
2023-11-05 20:39:21,364 [INFO] ServerAccessManage:473 - Download File STMicroelectronics.X-CUBE-BLEMGR.pdsc
2023-11-05 20:39:23,492 [INFO] ServerAccessManage:473 - Download File STMicroelectronics.X-CUBE-DISPLAY.pdsc
2023-11-05 20:39:28,690 [INFO] ServerAccessManage:473 - Download File STMicroelectronics.X-CUBE-EEPRMA1.pdsc
2023-11-05 20:39:30,102 [ERROR] ServerAccessManage:1089 - Problem, file not found on Server
2023-11-05 20:39:32,583 [INFO] ServerAccessManage:473 - Download File STMicroelectronics.X-CUBE-FREERTOS.pdsc
2023-11-05 20:39:36,750 [INFO] ServerAccessManage:473 - Download File STMicroelectronics.X-CUBE-GNSS1.pdsc
2023-11-05 20:39:40,846 [ERROR] ServerAccessManage:1089 - Problem, file not found on Server
2023-11-05 20:39:41,796 [ERROR] ServerAccessManage:1089 - Problem, file not found on Server
2023-11-05 20:39:43,430 [ERROR] ServerAccessManage:1089 - Problem, file not found on Server
2023-11-05 20:39:44,416 [ERROR] ServerAccessManage:1089 - Problem, file not found on Server
2023-11-05 20:39:45,415 [ERROR] ServerAccessManage:1089 - Problem, file not found on Server
2023-11-05 20:39:46,456 [ERROR] ServerAccessManage:1089 - Problem, file not found on Server
2023-11-05 20:39:46,620 [INFO] ServerAccessManage:473 - Download File STMicroelectronics.X-CUBE-ISPU.pdsc
2023-11-05 20:39:47,122 [INFO] ServerAccessManage:473 - Download File STMicroelectronics.X-CUBE-MEMS1.pdsc
2023-11-05 20:39:53,459 [INFO] ServerAccessManage:473 - Download File STMicroelectronics.X-CUBE-NFC4.pdsc
2023-11-05 20:39:56,792 [INFO] ServerAccessManage:473 - Download File STMicroelectronics.X-CUBE-NFC6.pdsc
2023-11-05 20:39:57,700 [INFO] ServerAccessManage:473 - Download File STMicroelectronics.X-CUBE-NFC7.pdsc
2023-11-05 20:39:58,230 [INFO] ServerAccessManage:473 - Download File STMicroelectronics.X-CUBE-SFXS2LP1.pdsc
2023-11-05 20:39:59,151 [INFO] ServerAccessManage:473 - Download File STMicroelectronics.X-CUBE-SUBG2.pdsc
2023-11-05 20:40:02,363 [INFO] ServerAccessManage:473 - Download File STMicroelectronics.X-CUBE-SMBUS.pdsc
2023-11-05 20:40:03,153 [ERROR] ServerAccessManage:1089 - Problem, file not found on Server
2023-11-05 20:40:03,363 [INFO] ServerAccessManage:473 - Download File STMicroelectronics.X-CUBE-TOF1.pdsc
2023-11-05 20:40:05,662 [ERROR] ServerAccessManage:1089 - Problem, file not found on Server
2023-11-05 20:40:06,276 [INFO] ServerAccessManage:473 - Download File STMicroelectronics.X-CUBE-TOUCHGFX.pdsc
2023-11-05 20:40:09,994 [INFO] ServerAccessManage:473 - Download File STMicroelectronics.X-CUBE-ALGOBUILD.pdsc
2023-11-05 20:40:14,807 [INFO] ServerAccessManage:473 - Download File STMicroelectronics.X-CUBE-AZRTOS-H7.pdsc
2023-11-05 20:40:21,766 [INFO] ServerAccessManage:473 - Download File STMicroelectronics.X-CUBE-AZRTOS-F4.pdsc
2023-11-05 20:40:24,568 [INFO] ServerAccessManage:473 - Download File STMicroelectronics.X-CUBE-AZRTOS-F7.pdsc
2023-11-05 20:40:26,908 [INFO] ServerAccessManage:473 - Download File STMicroelectronics.X-CUBE-AZRTOS-L4.pdsc
2023-11-05 20:40:27,476 [INFO] ServerAccessManage:473 - Download File STMicroelectronics.X-CUBE-AZRTOS-L5.pdsc
2023-11-05 20:40:29,026 [INFO] ServerAccessManage:473 - Download File STMicroelectronics.X-CUBE-AZRTOS-G0.pdsc
2023-11-05 20:40:32,556 [INFO] ServerAccessManage:473 - Download File STMicroelectronics.X-CUBE-AZRTOS-G4.pdsc
2023-11-05 20:40:33,965 [INFO] ServerAccessManage:473 - Download File STMicroelectronics.X-CUBE-AZRTOS-WB.pdsc
2023-11-05 20:40:34,467 [INFO] ServerAccessManage:473 - Download File STMicroelectronics.X-CUBE-AZRTOS-WL.pdsc
2023-11-05 20:40:35,805 [INFO] ServerAccessManage:473 - Download File wolfSSL.I-CUBE-wolfSSL.pdsc
2023-11-05 20:40:39,931 [ERROR] ServerAccessManage:1089 - Problem, file not found on Server
2023-11-05 20:40:40,342 [ERROR] ServerAccessManage:1089 - Problem, file not found on Server
2023-11-05 20:40:40,752 [ERROR] ServerAccessManage:1089 - Problem, file not found on Server
2023-11-05 20:40:41,790 [ERROR] ServerAccessManage:1096 - Problem, Http access forbiden
2023-11-05 20:40:41,790 [ERROR] ServerAccessManage:651 - Problem, Http access forbiden : RoweBots.I-CUBE-UNISONRTOS.pdsc.
2023-11-05 20:40:42,685 [ERROR] ServerAccessManage:1172 - Problem during Server Connection :  IO error PKIX path building failed: sun.security.provider.certpath.SunCertPathBuilderException: unable to find valid certification path to requested target
2023-11-05 20:40:42,685 [ERROR] ServerAccessManage:651 - Problem during Server Connection :  : SEGGER.I-CUBE-embOS.pdsc.
2023-11-05 20:40:44,010 [INFO] ServerAccessManage:473 - Download File portGmbH.I-Cube-SoM-uGOAL.pdsc
2023-11-05 20:40:46,753 [ERROR] ServerAccessManage:1089 - Problem, file not found on Server
2023-11-05 20:40:47,036 [ERROR] ServerAccessManage:1089 - Problem, file not found on Server
2023-11-05 20:40:47,323 [ERROR] ServerAccessManage:1089 - Problem, file not found on Server
2023-11-05 20:40:48,790 [INFO] ServerAccessManage:473 - Download File emotas.I-CUBE-CANOPEN.pdsc
2023-11-05 20:40:50,787 [INFO] ServerAccessManage:473 - Download File WES.I-CUBE-Cesium.pdsc
2023-11-05 20:40:53,283 [ERROR] ServerAccessManage:1089 - Problem, file not found on Server
2023-11-05 20:40:53,992 [ERROR] ServerAccessManage:1089 - Problem, file not found on Server
2023-11-05 20:40:54,921 [INFO] ServerAccessManage:473 - Download File ITTIA_DB.I-CUBE-ITTIADB.pdsc
2023-11-05 20:40:58,095 [INFO] ServerAccessManage:473 - Download File Infineon.AIROC-Wi-Fi-Bluetooth-STM32.pdsc
2023-11-05 20:41:00,453 [WARN] CheckServerUpdateThread:151 - Open CheckUpdateFile Fail
2023-11-05 20:41:00,461 [WARN] PackLoader:240 - Cannot read IP mode file for STMicroelectronics.FP-ATR-ASTRA1.2.0.0
2023-11-05 20:41:00,471 [WARN] PackLoader:240 - Cannot read IP mode file for STMicroelectronics.FP-ATR-SIGFOX1.3.2.0
2023-11-05 20:41:00,479 [WARN] PackLoader:240 - Cannot read IP mode file for STMicroelectronics.FP-SNS-FLIGHT1.5.0.2
2023-11-05 20:41:00,488 [WARN] PackLoader:240 - Cannot read IP mode file for STMicroelectronics.FP-SNS-MOTENV1.4.3.2
2023-11-05 20:41:00,498 [WARN] PackLoader:240 - Cannot read IP mode file for STMicroelectronics.FP-SNS-SMARTAG2.1.2.0
2023-11-05 20:41:00,504 [WARN] PackLoader:240 - Cannot read IP mode file for STMicroelectronics.X-CUBE-AI.8.1.0
2023-11-05 20:41:00,513 [WARN] PackLoader:240 - Cannot read IP mode file for STMicroelectronics.X-CUBE-ALS.1.0.1
2023-11-05 20:41:00,523 [WARN] PackLoader:240 - Cannot read IP mode file for STMicroelectronics.X-CUBE-BLE1.7.0.0
2023-11-05 20:41:00,531 [WARN] PackLoader:240 - Cannot read IP mode file for STMicroelectronics.X-CUBE-BLE2.3.3.0
2023-11-05 20:41:00,547 [WARN] PackLoader:240 - Cannot read IP mode file for STMicroelectronics.X-CUBE-BLEMGR.3.0.0
2023-11-05 20:41:00,571 [WARN] PackLoader:240 - Cannot read IP mode file for STMicroelectronics.X-CUBE-DISPLAY.3.0.0
2023-11-05 20:41:00,577 [INFO] CheckServerUpdateThread:120 - End of CheckServer Thread
2023-11-05 20:41:00,585 [WARN] PackLoader:240 - Cannot read IP mode file for STMicroelectronics.X-CUBE-EEPRMA1.4.2.0
2023-11-05 20:41:00,594 [WARN] PackLoader:240 - Cannot read IP mode file for STMicroelectronics.X-CUBE-FREERTOS.1.1.0
2023-11-05 20:41:00,602 [WARN] PackLoader:240 - Cannot read IP mode file for STMicroelectronics.X-CUBE-GNSS1.6.0.0
2023-11-05 20:41:00,610 [WARN] PackLoader:240 - Cannot read IP mode file for STMicroelectronics.X-CUBE-ISPU.1.1.0
2023-11-05 20:41:00,660 [WARN] PackLoader:240 - Cannot read IP mode file for STMicroelectronics.X-CUBE-MEMS1.10.0.0
2023-11-05 20:41:00,801 [WARN] PackLoader:240 - Cannot read IP mode file for STMicroelectronics.X-CUBE-NFC4.3.0.0
2023-11-05 20:41:00,809 [WARN] PackLoader:240 - Cannot read IP mode file for STMicroelectronics.X-CUBE-NFC6.3.0.0
2023-11-05 20:41:00,816 [WARN] PackLoader:240 - Cannot read IP mode file for STMicroelectronics.X-CUBE-NFC7.1.0.1
2023-11-05 20:41:00,824 [WARN] PackLoader:240 - Cannot read IP mode file for STMicroelectronics.X-CUBE-SFXS2LP1.4.0.0
2023-11-05 20:41:00,835 [WARN] PackLoader:240 - Cannot read IP mode file for STMicroelectronics.X-CUBE-SUBG2.5.0.0
2023-11-05 20:41:00,844 [WARN] PackLoader:240 - Cannot read IP mode file for STMicroelectronics.X-CUBE-SMBUS.2.1.0
2023-11-05 20:41:00,854 [WARN] PackLoader:240 - Cannot read IP mode file for STMicroelectronics.X-CUBE-TOF1.3.3.1
2023-11-05 20:41:00,868 [WARN] PackLoader:240 - Cannot read IP mode file for STMicroelectronics.X-CUBE-TOUCHGFX.4.22.1
2023-11-05 20:41:00,875 [WARN] PackLoader:240 - Cannot read IP mode file for STMicroelectronics.X-CUBE-ALGOBUILD.1.3.0
2023-11-05 20:41:00,891 [WARN] ConditionMgr:438 - getConditionDescription Invalid condition id : UX DEVICE CLASS RTOS Condition cause : null
2023-11-05 20:41:00,891 [WARN] ConditionMgr:438 - getConditionDescription Invalid condition id : UX DEVICE CLASS RTOS Condition cause : null
2023-11-05 20:41:00,894 [WARN] PackLoader:240 - Cannot read IP mode file for STMicroelectronics.X-CUBE-AZRTOS-H7.3.1.0
2023-11-05 20:41:00,896 [WARN] ConditionMgr:1039 - genDependencies : Invalid condition id : UX DEVICE CLASS RTOS Condition cause : null
2023-11-05 20:41:00,896 [WARN] ConditionMgr:1039 - genDependencies : Invalid condition id : UX DEVICE CLASS RTOS Condition cause : null
2023-11-05 20:41:00,897 [WARN] ConditionMgr:1039 - genDependencies : Invalid condition id : UX DEVICE CLASS RTOS Condition cause : null
2023-11-05 20:41:00,899 [WARN] ConditionMgr:1039 - genDependencies : Invalid condition id : UX DEVICE CLASS RTOS Condition cause : null
2023-11-05 20:41:00,899 [WARN] ConditionMgr:1039 - genDependencies : Invalid condition id : UX DEVICE CLASS RTOS Condition cause : null
2023-11-05 20:41:00,917 [WARN] PackLoader:240 - Cannot read IP mode file for STMicroelectronics.X-CUBE-AZRTOS-F4.1.1.0
2023-11-05 20:41:00,940 [WARN] PackLoader:240 - Cannot read IP mode file for STMicroelectronics.X-CUBE-AZRTOS-F7.1.1.0
2023-11-05 20:41:00,959 [WARN] ConditionMgr:438 - getConditionDescription Invalid condition id : LAN8742 Phy interface Condition cause : null
2023-11-05 20:41:00,960 [WARN] PackLoader:240 - Cannot read IP mode file for STMicroelectronics.X-CUBE-AZRTOS-L4.2.0.0
2023-11-05 20:41:00,961 [WARN] ConditionMgr:1039 - genDependencies : Invalid condition id : LAN8742 Phy interface Condition cause : null
2023-11-05 20:41:00,961 [WARN] ConditionMgr:1039 - genDependencies : Invalid condition id : LAN8742 Phy interface Condition cause : null
2023-11-05 20:41:00,963 [WARN] ConditionMgr:1039 - genDependencies : Invalid condition id : LAN8742 Phy interface Condition cause : null
2023-11-05 20:41:00,983 [WARN] PackLoader:240 - Cannot read IP mode file for STMicroelectronics.X-CUBE-AZRTOS-L5.2.0.0
2023-11-05 20:41:01,008 [WARN] PackLoader:240 - Cannot read IP mode file for STMicroelectronics.X-CUBE-AZRTOS-G0.1.1.0
2023-11-05 20:41:01,023 [WARN] PackLoader:240 - Cannot read IP mode file for STMicroelectronics.X-CUBE-AZRTOS-G4.2.0.0
2023-11-05 20:41:01,036 [WARN] ConditionMgr:438 - getConditionDescription Invalid condition id : UX DEVICE CLASS RTOS Condition cause : null
2023-11-05 20:41:01,036 [WARN] ConditionMgr:438 - getConditionDescription Invalid condition id : UX DEVICE CLASS RTOS Condition cause : null
2023-11-05 20:41:01,037 [WARN] PackLoader:240 - Cannot read IP mode file for STMicroelectronics.X-CUBE-AZRTOS-WB.2.0.0
2023-11-05 20:41:01,038 [WARN] ConditionMgr:1039 - genDependencies : Invalid condition id : UX DEVICE CLASS RTOS Condition cause : null
2023-11-05 20:41:01,038 [WARN] ConditionMgr:1039 - genDependencies : Invalid condition id : UX DEVICE CLASS RTOS Condition cause : null
2023-11-05 20:41:01,038 [WARN] ConditionMgr:1039 - genDependencies : Invalid condition id : UX DEVICE CLASS RTOS Condition cause : null
2023-11-05 20:41:01,039 [WARN] ConditionMgr:1039 - genDependencies : Invalid condition id : UX DEVICE CLASS RTOS Condition cause : null
2023-11-05 20:41:01,039 [WARN] ConditionMgr:1039 - genDependencies : Invalid condition id : UX DEVICE CLASS RTOS Condition cause : null
2023-11-05 20:41:01,047 [INFO] LogOutputStream:77 - [STDOUT_REDIRECT] 1 : Invalid condition id : UX_CORESTACK_Condition cause : null
2023-11-05 20:41:01,048 [INFO] LogOutputStream:77 - [STDOUT_REDIRECT] 1 : Invalid condition id : UX_CORESTACK_Condition cause : null
2023-11-05 20:41:01,050 [INFO] LogOutputStream:77 - [STDOUT_REDIRECT] 1 : Invalid condition id : UX_CORESTACK_Condition cause : null
2023-11-05 20:41:01,051 [INFO] LogOutputStream:77 - [STDOUT_REDIRECT] 1 : Invalid condition id : UX_CORESTACK_Condition cause : null
2023-11-05 20:41:01,053 [INFO] LogOutputStream:77 - [STDOUT_REDIRECT] 1 : Invalid condition id : UX_CORESTACK_Condition cause : null
2023-11-05 20:41:01,055 [WARN] PackLoader:240 - Cannot read IP mode file for STMicroelectronics.X-CUBE-AZRTOS-WL.2.0.0
2023-11-05 20:41:01,061 [WARN] PackLoader:240 - Cannot read IP mode file for wolfSSL.I-CUBE-wolfSSL.5.6.4
2023-11-05 20:41:01,067 [WARN] PackLoader:240 - Cannot read IP mode file for portGmbH.I-Cube-SoM-uGOAL.1.1.0
2023-11-05 20:41:01,072 [WARN] PackLoader:240 - Cannot read IP mode file for emotas.I-CUBE-CANOPEN.1.3.0
2023-11-05 20:41:01,079 [WARN] PackLoader:240 - Cannot read IP mode file for WES.I-CUBE-Cesium.1.3.0
2023-11-05 20:41:01,087 [WARN] PackLoader:240 - Cannot read IP mode file for ITTIA_DB.I-CUBE-ITTIADB.8.8.0
2023-11-05 20:41:01,100 [WARN] PackLoader:240 - Cannot read IP mode file for Infineon.AIROC-Wi-Fi-Bluetooth-STM32.1.5.1
2023-11-05 20:41:01,105 [INFO] PopulateThirdPartyThread:66 - Ending populate Thread
2023-11-05 20:41:01,107 [INFO] ThirdParty:1030 - CMSIS Pack Vendor :STMicroelectronics X-CUBE-ISPU 1.1.0
2023-11-05 20:41:01,108 [INFO] ThirdParty:1030 - CMSIS Pack Vendor :STMicroelectronics X-CUBE-DISPLAY 3.0.0
2023-11-05 20:41:01,108 [INFO] ThirdParty:1030 - CMSIS Pack Vendor :STMicroelectronics X-CUBE-GNSS1 6.0.0
2023-11-05 20:41:01,108 [INFO] ThirdParty:1030 - CMSIS Pack Vendor :STMicroelectronics X-CUBE-AZRTOS-F4 1.1.0
2023-11-05 20:41:01,108 [INFO] ThirdParty:1030 - CMSIS Pack Vendor :STMicroelectronics FP-ATR-SIGFOX1 3.2.0
2023-11-05 20:41:01,108 [INFO] ThirdParty:1030 - CMSIS Pack Vendor :STMicroelectronics X-CUBE-BLE1 7.0.0
2023-11-05 20:41:01,108 [INFO] ThirdParty:1030 - CMSIS Pack Vendor :wolfSSL I-CUBE-wolfSSL 5.6.4
2023-11-05 20:41:01,108 [INFO] ThirdParty:1030 - CMSIS Pack Vendor :STMicroelectronics X-CUBE-SMBUS 2.1.0
2023-11-05 20:41:01,108 [INFO] ThirdParty:1030 - CMSIS Pack Vendor :STMicroelectronics X-CUBE-AZRTOS-WB 2.0.0
2023-11-05 20:41:01,108 [INFO] ThirdParty:1030 - CMSIS Pack Vendor :emotas I-CUBE-CANOPEN 1.3.0
2023-11-05 20:41:01,108 [INFO] ThirdParty:1030 - CMSIS Pack Vendor :STMicroelectronics X-CUBE-MEMS1 10.0.0
2023-11-05 20:41:01,108 [INFO] ThirdParty:1030 - CMSIS Pack Vendor :STMicroelectronics X-CUBE-FREERTOS 1.1.0
2023-11-05 20:41:01,108 [INFO] ThirdParty:1030 - CMSIS Pack Vendor :STMicroelectronics X-CUBE-NFC7 1.0.1
2023-11-05 20:41:01,108 [INFO] ThirdParty:1030 - CMSIS Pack Vendor :STMicroelectronics X-CUBE-TOUCHGFX 4.22.1
2023-11-05 20:41:01,108 [INFO] ThirdParty:1030 - CMSIS Pack Vendor :STMicroelectronics X-CUBE-AZRTOS-F7 1.1.0
2023-11-05 20:41:01,108 [INFO] ThirdParty:1030 - CMSIS Pack Vendor :STMicroelectronics X-CUBE-AZRTOS-L5 2.0.0
2023-11-05 20:41:01,108 [INFO] ThirdParty:1030 - CMSIS Pack Vendor :STMicroelectronics X-CUBE-NFC6 3.0.0
2023-11-05 20:41:01,108 [INFO] ThirdParty:1030 - CMSIS Pack Vendor :STMicroelectronics X-CUBE-ALS 1.0.1
2023-11-05 20:41:01,108 [INFO] ThirdParty:1030 - CMSIS Pack Vendor :portGmbH I-Cube-SoM-uGOAL 1.1.0
2023-11-05 20:41:01,108 [INFO] ThirdParty:1030 - CMSIS Pack Vendor :STMicroelectronics X-CUBE-EEPRMA1 4.2.0
2023-11-05 20:41:01,108 [INFO] ThirdParty:1030 - CMSIS Pack Vendor :ITTIA_DB I-CUBE-ITTIADB 8.8.0
2023-11-05 20:41:01,108 [INFO] ThirdParty:1030 - CMSIS Pack Vendor :STMicroelectronics FP-SNS-SMARTAG2 1.2.0
2023-11-05 20:41:01,108 [INFO] ThirdParty:1030 - CMSIS Pack Vendor :STMicroelectronics FP-SNS-MOTENV1 4.3.2
2023-11-05 20:41:01,108 [INFO] ThirdParty:1030 - CMSIS Pack Vendor :STMicroelectronics X-CUBE-ALGOBUILD 1.3.0
2023-11-05 20:41:01,108 [INFO] ThirdParty:1030 - CMSIS Pack Vendor :STMicroelectronics X-CUBE-AZRTOS-WL 2.0.0
2023-11-05 20:41:01,108 [INFO] ThirdParty:1030 - CMSIS Pack Vendor :STMicroelectronics X-CUBE-AZRTOS-G0 1.1.0
2023-11-05 20:41:01,108 [INFO] ThirdParty:1030 - CMSIS Pack Vendor :STMicroelectronics X-CUBE-AI 8.1.0
2023-11-05 20:41:01,108 [INFO] ThirdParty:1030 - CMSIS Pack Vendor :STMicroelectronics X-CUBE-NFC4 3.0.0
2023-11-05 20:41:01,109 [INFO] ThirdParty:1030 - CMSIS Pack Vendor :STMicroelectronics X-CUBE-SUBG2 5.0.0
2023-11-05 20:41:01,109 [INFO] ThirdParty:1030 - CMSIS Pack Vendor :STMicroelectronics X-CUBE-AZRTOS-L4 2.0.0
2023-11-05 20:41:01,109 [INFO] ThirdParty:1030 - CMSIS Pack Vendor :STMicroelectronics FP-ATR-ASTRA1 2.0.0
2023-11-05 20:41:01,109 [INFO] ThirdParty:1030 - CMSIS Pack Vendor :WES I-CUBE-Cesium 1.3.0
2023-11-05 20:41:01,109 [INFO] ThirdParty:1030 - CMSIS Pack Vendor :STMicroelectronics X-CUBE-SFXS2LP1 4.0.0
2023-11-05 20:41:01,109 [INFO] ThirdParty:1030 - CMSIS Pack Vendor :STMicroelectronics FP-SNS-FLIGHT1 5.0.2
2023-11-05 20:41:01,109 [INFO] ThirdParty:1030 - CMSIS Pack Vendor :STMicroelectronics X-CUBE-BLE2 3.3.0
2023-11-05 20:41:01,109 [INFO] ThirdParty:1030 - CMSIS Pack Vendor :STMicroelectronics X-CUBE-TOF1 3.3.1
2023-11-05 20:41:01,109 [INFO] ThirdParty:1030 - CMSIS Pack Vendor :STMicroelectronics X-CUBE-AZRTOS-G4 2.0.0
2023-11-05 20:41:01,109 [INFO] ThirdParty:1030 - CMSIS Pack Vendor :STMicroelectronics X-CUBE-AZRTOS-H7 3.1.0
2023-11-05 20:41:01,109 [INFO] ThirdParty:1030 - CMSIS Pack Vendor :Infineon AIROC-Wi-Fi-Bluetooth-STM32 1.5.1
2023-11-05 20:41:01,109 [INFO] ThirdParty:1030 - CMSIS Pack Vendor :STMicroelectronics X-CUBE-BLEMGR 3.0.0
2023-11-05 20:41:01,110 [INFO] LoadServerUpdatesThread:373 - End of LoadServerUpdate Thread
2023-11-05 21:20:41,495 [INFO] MainUpdater:2868 - connection check result : 10
2023-11-05 21:20:43,236 [ERROR] LogOutputStream:75 - [STDERR_REDIRECT] Nov 05, 2023 9:20:43 PM java.util.prefs.WindowsPreferences <init>
2023-11-05 21:20:43,238 [ERROR] LogOutputStream:75 - [STDERR_REDIRECT] WARNING: Could not open/create prefs root node Software\JavaSoft\Prefs at root 0xffffffff80000002. Windows RegCreateKeyEx(...) returned error code 5.
2023-11-05 21:20:43,238 [ERROR] LogOutputStream:75 - [STDERR_REDIRECT] 
2023-11-05 21:20:43,240 [ERROR] LogOutputStream:75 - [STDERR_REDIRECT] Nov 05, 2023 9:20:43 PM java.util.prefs.WindowsPreferences WindowsRegOpenKey1
2023-11-05 21:20:43,241 [ERROR] LogOutputStream:75 - [STDERR_REDIRECT] WARNING: Trying to recreate Windows registry node Software\JavaSoft\Prefs at root 0xffffffff80000002.
2023-11-05 21:20:43,241 [ERROR] LogOutputStream:75 - [STDERR_REDIRECT] 
2023-11-05 21:20:43,242 [ERROR] LogOutputStream:75 - [STDERR_REDIRECT] Nov 05, 2023 9:20:43 PM java.util.prefs.WindowsPreferences openKey
2023-11-05 21:20:43,244 [ERROR] LogOutputStream:75 - [STDERR_REDIRECT] WARNING: Could not open windows registry node Software\JavaSoft\Prefs at root 0xffffffff80000002. Windows RegOpenKey(...) returned error code 2.
2023-11-05 21:20:43,244 [ERROR] LogOutputStream:75 - [STDERR_REDIRECT] 
2023-11-05 21:20:43,245 [ERROR] LogOutputStream:75 - [STDERR_REDIRECT] Nov 05, 2023 9:20:43 PM java.util.prefs.WindowsPreferences WindowsRegOpenKey1
2023-11-05 21:20:43,246 [ERROR] LogOutputStream:75 - [STDERR_REDIRECT] WARNING: Trying to recreate Windows registry node Software\JavaSoft\Prefs at root 0xffffffff80000002.
2023-11-05 21:20:43,246 [ERROR] LogOutputStream:75 - [STDERR_REDIRECT] 
2023-11-05 21:20:43,248 [ERROR] LogOutputStream:75 - [STDERR_REDIRECT] Nov 05, 2023 9:20:43 PM java.util.prefs.WindowsPreferences openKey
2023-11-05 21:20:43,250 [ERROR] LogOutputStream:75 - [STDERR_REDIRECT] WARNING: Could not open windows registry node Software\JavaSoft\Prefs at root 0xffffffff80000002. Windows RegOpenKey(...) returned error code 2.
2023-11-05 21:20:43,250 [ERROR] LogOutputStream:75 - [STDERR_REDIRECT] 
2023-11-05 21:20:43,341 [INFO] CheckServerUpdateThread:120 - End of CheckServer Thread
2023-11-05 21:20:50,200 [INFO] ServerAccessManage:473 - Download File updaters.zip
2023-11-05 21:20:50,363 [INFO] FileExtend:240 - Unzip File : updaters.zip
2023-11-05 21:20:50,363 [INFO] FileExtend:255 - Standard Zip Deflate
2023-11-05 21:20:50,770 [INFO] ServerAccessManage:473 - Download File PacksControlFlags.xml
2023-11-05 21:20:50,848 [INFO] ServerAccessManage:473 - Download File cubemx.pidx
2023-11-05 21:20:50,872 [INFO] LoadServerUpdatesThread:373 - End of LoadServerUpdate Thread
2023-11-05 21:20:51,023 [INFO] CheckServerUpdateThread:120 - End of CheckServer Thread
2023-11-05 21:21:02,047 [INFO] McuFinderGlobals:63 - Set McuFinder mode to 2 (CubeIDE integrated)
2023-11-05 21:21:02,048 [INFO] MainUpdater:2868 - connection check result : 10
2023-11-05 21:21:02,049 [INFO] McuFinderGlobals:76 - Set McuFinderConnectedMode to true
2023-11-05 21:21:02,291 [INFO] ServerAccessManage:473 - Download File mcusAds.json._tmp_
2023-11-05 21:21:02,402 [INFO] LoadUrlFilesThread:156 - End of LoadUrlFiles Thread
2023-11-05 21:21:02,719 [INFO] ServerAccessManage:473 - Download File cube-finder-db.zip
2023-11-05 21:21:32,258 [INFO] FileExtend:240 - Unzip File : cube-finder-db.zip
2023-11-05 21:21:32,258 [INFO] FileExtend:255 - Standard Zip Deflate
2023-11-05 21:21:32,888 [INFO] LoadUrlFilesThread:156 - End of LoadUrlFiles Thread
2023-11-05 21:21:34,118 [INFO] ServerAccessManage:473 - Download File crdb.zip
2023-11-05 21:21:36,025 [INFO] FileExtend:240 - Unzip File : crdb.zip
2023-11-05 21:21:36,026 [INFO] FileExtend:255 - Standard Zip Deflate
2023-11-05 21:21:36,157 [INFO] LoadUrlFilesThread:156 - End of LoadUrlFiles Thread
2023-11-05 21:21:36,351 [INFO] ServerAccessManage:473 - Download File tutoVideoDB.zip
2023-11-05 21:21:36,369 [INFO] FileExtend:240 - Unzip File : tutoVideoDB.zip
2023-11-05 21:21:36,370 [INFO] FileExtend:255 - Standard Zip Deflate
2023-11-05 21:21:36,490 [INFO] LoadUrlFilesThread:156 - End of LoadUrlFiles Thread
2023-11-05 21:21:36,492 [WARN] DbFile:41 - Overriding database path with different value: C:\Users\flowi\.stmcufinder\plugins\mcufinder/ => C:\Users\flowi\.stmcufinder\plugins\mcufinder
2023-11-05 21:21:39,286 [INFO] ServerAccessManage:473 - Download File api_config.json
2023-11-05 21:21:39,391 [INFO] LoadUrlFilesThread:156 - End of LoadUrlFiles Thread
2023-11-05 21:21:39,393 [INFO] DbMcusAds:53 - JSON generation date=Tue Mar 07 17:50:55 KST 2023 (1678179055335)
2023-11-05 21:21:39,766 [INFO] ServerAccessManage:473 - Download File 
2023-11-05 21:21:39,776 [INFO] LoadUrlFilesThread:185 - End of LoadServerUrlFiles without Thread
2023-11-05 21:21:39,777 [INFO] TargetSelectorAdapter:259 - Refresh data is successful
2023-11-05 21:21:39,859 [INFO] ApiDb:581 - Connected to CubeFinder SQLite database (C:\Users\flowi\.stmcufinder\plugins\mcufinder\mcu\cube-finder-db.db)
2023-11-05 21:21:39,912 [INFO] ApiDb:668 - CubeFinder database Data Model version=2.1
2023-11-05 21:21:39,912 [INFO] ApiDb:669 - CubeFinder database Configuration version=3.0.37
2023-11-05 21:21:39,914 [INFO] ApiDb:670 - CubeFinder database generation date=2023-10-13 (1697197505)
2023-11-05 21:21:39,914 [INFO] ApiDb:671 - CubeFinder database FW Pack versions=[FP-ATR-ASTRA1_V2.0.0, FP-SNS-FLIGHT1_V5.0.1, FP-SNS-FLIGHT1_V5.0.2, FP-SNS-MOTENV1_V4.3.1, FP-SNS-MOTENV1_V4.3.2, FP-SNS-SMARTAG2_V1.2.0, I-CUBE-ITTIADB_V8.6.3-1, STM32Cube_FW_C0_V1.1.0, STM32Cube_FW_F4_V1.27.1, STM32Cube_FW_F7_V1.17.0, STM32Cube_FW_G0_V1.6.1, STM32Cube_FW_G4_V1.5.1, STM32Cube_FW_H5_V0.5.1, STM32Cube_FW_H5_V1.1.1, STM32Cube_FW_H7_V1.11.0, STM32Cube_FW_L0_V1.12.2, STM32Cube_FW_L5_V1.5.0, STM32Cube_FW_U5_V1.3.0, STM32Cube_FW_U5_V1.3.0RC4, STM32Cube_FW_WBA_V1.0.0RC1, STM32Cube_FW_WBA_V1.1.0RC1, STM32Cube_FW_WBA_V1.1.1, STM32Cube_FW_WB_V1.15.0RC1, STM32Cube_FW_WB_V1.16.0, STM32Cube_FW_WB_V1.16.0RC2, STM32Cube_FW_WB_V1.17.3, STM32Cube_FW_WL_V1.3.0, X-CUBE-ALGOBUILD_V1.3.0, X-CUBE-ALS_V1.0.1, X-CUBE-AZRTOS-F4_V1.1.0, X-CUBE-AZRTOS-F7_V1.1.0, X-CUBE-AZRTOS-G0_V1.1.0, X-CUBE-AZRTOS-G4_V2.0.0, X-CUBE-AZRTOS-H7_V3.1.0, X-CUBE-AZRTOS-L4_V1.0.0, X-CUBE-AZRTOS-L4_V2.0.0, X-CUBE-AZRTOS-L5_V1.1.0, X-CUBE-AZRTOS-WB_V2.0.0, X-CUBE-AZRTOS-WL_V2.0.0, X-CUBE-BLE1_V7.0.0, X-CUBE-BLE2_V3.3.0, X-CUBE-BLEMGR_V2.0.0, X-CUBE-EEPRMA1_V4.1.0, X-CUBE-FREERTOS_V1.1.0, X-CUBE-GNSS1_V6.0.0, X-CUBE-MEMS1_V10.0.0, X-CUBE-MEMS1_V9.1.0, X-CUBE-MEMS1_V9.4.0, X-CUBE-MEMS1_V9.6.0, X-CUBE-NFC4_V3.0.0, X-CUBE-NFC7_V1.0.1, X-CUBE-SFXS2LP1_V4.0.0, X-CUBE-SUBG2_V5.0.0, X-CUBE-TOF1_V3.3.1]
2023-11-05 21:21:41,522 [INFO] ApiDb:240 - Found 323 in-development CPN: [B-G473E-ZEST1S, B-WB1M-WPAN1, B-WL5M-SUBG1, NUCLEO-C031C6, NUCLEO-H503RB, NUCLEO-H563ZI, NUCLEO-U545RE-Q, NUCLEO-U5A5ZJ-Q, NUCLEO-WBA52CG, STEVAL-PROTEUS1, STEVAL-SMARTAG2, STEVAL-STWINBX1, STM320518-EVAL, STM32C0116-DK, STM32C011D6Y3TR, STM32C011D6Y6TR, STM32C011F4P3, STM32C011F4P6, STM32C011F4U3, STM32C011F4U6TR, STM32C011F6P3, STM32C011F6P6, STM32C011F6U3, STM32C011F6U6TR, STM32C011J4M3, STM32C011J4M6, STM32C011J6M3, STM32C011J6M6, STM32C0316-DK, STM32C031C4T3, STM32C031C4T6, STM32C031C4U3, STM32C031C4U6, STM32C031C6T3, STM32C031C6T6, STM32C031C6U3, STM32C031C6U6, STM32C031F4P3, STM32C031F4P6, STM32C031F6P3, STM32C031F6P6, STM32C031G4U3, STM32C031G4U6, STM32C031G6U3, STM32C031G6U6, STM32C031K4T3, STM32C031K4T6, STM32C031K4U3, STM32C031K4U6, STM32C031K6T3, STM32C031K6T6, STM32C031K6U3, STM32C031K6U6, STM32G071K8TXN, STM32G071K8UXN, STM32G081GBU6N, STM32G081KBT6N, STM32G081KBUXN, STM32G0B1CCT6N, STM32G0B1KCT6, STM32G0B1NEY6TR, STM32G0B1RCT6N, STM32G0C1CCT6, STM32G0C1CCT6N, STM32G0C1CCU6N, STM32G0C1CET6N, STM32G0C1CEU6N, STM32G0C1KCT6, STM32G0C1NEY6TR, STM32G0C1RCI6N, STM32G0C1RCT6N, STM32G0C1REI6N, STM32G0C1RET6N, STM32G0C1VCI6, STM32G0C1VEI6, STM32G471CCT6, STM32G471CCU6, STM32G471CET3, STM32G471CET6, STM32G471CEU3, STM32G471CEU6, STM32G471MCT6, STM32G471MET3, STM32G471MET6, STM32G471MEY6TR, STM32G471QCT6, STM32G471QET3, STM32G471RCT6, STM32G471RET3, STM32G471RET6, STM32G471VCH6, STM32G471VCI6, STM32G471VCT6, STM32G471VEH3, STM32G471VEH6, STM32G471VEI3, STM32G471VEI6, STM32G471VET3, STM32G471VET6, STM32G474CCT6, STM32H503CBT6, STM32H503CBU6, STM32H503EBY6TR, STM32H503KBU6, STM32H503RBT6, STM32H562AGI6, STM32H562AII6, STM32H562IGK6, STM32H562IGT6, STM32H562IIK6, STM32H562IIT6, STM32H562RGT6, STM32H562RGV6, STM32H562RIT6, STM32H562RIV6, STM32H562VGT6, STM32H562VIT6, STM32H562ZGT6, STM32H562ZIT6, STM32H563AGI6, STM32H563AII3Q, STM32H563AII6, STM32H563IGK6, STM32H563IGT6, STM32H563IIK3Q, STM32H563IIK6, STM32H563IIT3Q, STM32H563IIT6, STM32H563MIY3QTR, STM32H563RGT6, STM32H563RGV6, STM32H563RIT6, STM32H563RIV6, STM32H563VGT6, STM32H563VIT3Q, STM32H563VIT6, STM32H563ZGT6, STM32H563ZIT3Q, STM32H563ZIT6, STM32H573AII3Q, STM32H573AII6, STM32H573I-DK, STM32H573IIK3Q, STM32H573IIK6, STM32H573IIT3Q, STM32H573IIT6, STM32H573MIY3QTR, STM32H573RIT6, STM32H573RIV6, STM32H573VIT3Q, STM32H573VIT6, STM32H573ZIT3Q, STM32H573ZIT6, STM32L4R5QGI6STR, STM32MP131AAE3, STM32MP131AAF3, STM32MP131AAG3, STM32MP131CAE3, STM32MP131CAF3, STM32MP131CAG3, STM32MP131DAE7, STM32MP131DAF7, STM32MP131DAG7, STM32MP131FAE7, STM32MP131FAF7, STM32MP131FAG7, STM32MP133AAE3, STM32MP133AAF3, STM32MP133AAG3, STM32MP133CAE3, STM32MP133CAF3, STM32MP133CAG3, STM32MP133DAE7, STM32MP133DAF7, STM32MP133DAG7, STM32MP133FAE7, STM32MP133FAF7, STM32MP133FAG7, STM32MP135AAE3, STM32MP135AAF3, STM32MP135AAG3, STM32MP135CAE3, STM32MP135CAF3, STM32MP135CAG3, STM32MP135DAE7, STM32MP135DAF7, STM32MP135DAG7, STM32MP135F-DK, STM32MP135FAE7, STM32MP135FAF7, STM32MP135FAF7T, STM32MP135FAF7U, STM32MP135FAG7, STM32U535CBT6, STM32U535CBT6Q, STM32U535CBU6, STM32U535CBU6Q, STM32U535CCT6, STM32U535CCT6Q, STM32U535CCU6, STM32U535CCU6Q, STM32U535CET6, STM32U535CET6Q, STM32U535CEU6, STM32U535CEU6Q, STM32U535JEY6QTR, STM32U535NCY6QTR, STM32U535NEY6QTR, STM32U535RBI6, STM32U535RBI6Q, STM32U535RBT6, STM32U535RBT6Q, STM32U535RCI6, STM32U535RCI6Q, STM32U535RCT6, STM32U535RCT6Q, STM32U535REI6, STM32U535REI6Q, STM32U535RET6, STM32U535RET6Q, STM32U535VCI6, STM32U535VCI6Q, STM32U535VCT6, STM32U535VCT6Q, STM32U535VEI6, STM32U535VEI6Q, STM32U535VET6, STM32U535VET6Q, STM32U545CET6, STM32U545CET6Q, STM32U545CEU6, STM32U545CEU6Q, STM32U545JEY6QTR, STM32U545NEY6QTR, STM32U545REI6, STM32U545REI6Q, STM32U545RET6, STM32U545RET6Q, STM32U545VEI6, STM32U545VEI6Q, STM32U545VET6, STM32U545VET6Q, STM32U595AIH6, STM32U595AIH6Q, STM32U595AJH6, STM32U595AJH6Q, STM32U595QII6, STM32U595QII6Q, STM32U595QJI6, STM32U595QJI6Q, STM32U595RIT6, STM32U595RIT6Q, STM32U595RJT6, STM32U595RJT6Q, STM32U595VIT6, STM32U595VIT6Q, STM32U595VJT6, STM32U595VJT6Q, STM32U595ZIT6, STM32U595ZIT6Q, STM32U595ZIY6QTR, STM32U595ZJT6, STM32U595ZJT6Q, STM32U595ZJY6QTR, STM32U599BJY6QTR, STM32U599NIH6Q, STM32U599NJH6Q, STM32U599VIT6Q, STM32U599VJT6, STM32U599VJT6Q, STM32U599ZIT6Q, STM32U599ZIY6QTR, STM32U599ZJT6Q, STM32U599ZJY6QTR, STM32U5A5AJH6, STM32U5A5AJH6Q, STM32U5A5QJI6, STM32U5A5QJI6Q, STM32U5A5RJT6, STM32U5A5RJT6Q, STM32U5A5VJT6, STM32U5A5VJT6Q, STM32U5A5ZJT6, STM32U5A5ZJT6Q, STM32U5A5ZJY6QTR, STM32U5A9BJY6QTR, STM32U5A9J-DK, STM32U5A9NJH6Q, STM32U5A9VJT6Q, STM32U5A9ZJT6Q, STM32U5A9ZJY6QTR, STM32U5F7VIT6, STM32U5F7VIT6Q, STM32U5F7VJT6, STM32U5F7VJT6Q, STM32U5F9BJY6QTR, STM32U5F9NJH6Q, STM32U5F9VIT6Q, STM32U5F9VJT6Q, STM32U5F9ZIJ6QTR, STM32U5F9ZIT6Q, STM32U5F9ZJJ6QTR, STM32U5F9ZJT6Q, STM32U5G7VJT6, STM32U5G7VJT6Q, STM32U5G9BJY6QTR, STM32U5G9J-DK1, STM32U5G9J-DK2, STM32U5G9NJH6Q, STM32U5G9VJT6Q, STM32U5G9ZJJ6QTR, STM32U5G9ZJT6Q, STM32WB1MMCH6, STM32WBA52CEU6, STM32WBA52CEU6T, STM32WBA52CGU6, STM32WBA52CGU6T, STM32WBA52KEU6, STM32WBA52KEU6T, STM32WBA52KGU6, STM32WBA52KGU6T, STM32WL5MOCH6, STM32WL5MOCH6TR]
2023-11-05 21:21:41,528 [INFO] DbMcus:217 - Found 3848 MCUs, 3848 are supported
2023-11-05 21:21:41,528 [INFO] ApiDb:414 - User favorites file not found: C:\Users\flowi/.stm32cubeide/favorites.mcus.txt
2023-11-05 21:21:41,529 [INFO] DbMcus:223 - Set 0 / 0 favorites MCUs
2023-11-05 21:21:41,767 [INFO] ApiDb:668 - CubeFinder database Data Model version=2.1
2023-11-05 21:21:41,767 [INFO] ApiDb:669 - CubeFinder database Configuration version=3.0.37
2023-11-05 21:21:41,767 [INFO] ApiDb:670 - CubeFinder database generation date=2023-10-13 (1697197505)
2023-11-05 21:21:41,767 [INFO] ApiDb:671 - CubeFinder database FW Pack versions=[FP-ATR-ASTRA1_V2.0.0, FP-SNS-FLIGHT1_V5.0.1, FP-SNS-FLIGHT1_V5.0.2, FP-SNS-MOTENV1_V4.3.1, FP-SNS-MOTENV1_V4.3.2, FP-SNS-SMARTAG2_V1.2.0, I-CUBE-ITTIADB_V8.6.3-1, STM32Cube_FW_C0_V1.1.0, STM32Cube_FW_F4_V1.27.1, STM32Cube_FW_F7_V1.17.0, STM32Cube_FW_G0_V1.6.1, STM32Cube_FW_G4_V1.5.1, STM32Cube_FW_H5_V0.5.1, STM32Cube_FW_H5_V1.1.1, STM32Cube_FW_H7_V1.11.0, STM32Cube_FW_L0_V1.12.2, STM32Cube_FW_L5_V1.5.0, STM32Cube_FW_U5_V1.3.0, STM32Cube_FW_U5_V1.3.0RC4, STM32Cube_FW_WBA_V1.0.0RC1, STM32Cube_FW_WBA_V1.1.0RC1, STM32Cube_FW_WBA_V1.1.1, STM32Cube_FW_WB_V1.15.0RC1, STM32Cube_FW_WB_V1.16.0, STM32Cube_FW_WB_V1.16.0RC2, STM32Cube_FW_WB_V1.17.3, STM32Cube_FW_WL_V1.3.0, X-CUBE-ALGOBUILD_V1.3.0, X-CUBE-ALS_V1.0.1, X-CUBE-AZRTOS-F4_V1.1.0, X-CUBE-AZRTOS-F7_V1.1.0, X-CUBE-AZRTOS-G0_V1.1.0, X-CUBE-AZRTOS-G4_V2.0.0, X-CUBE-AZRTOS-H7_V3.1.0, X-CUBE-AZRTOS-L4_V1.0.0, X-CUBE-AZRTOS-L4_V2.0.0, X-CUBE-AZRTOS-L5_V1.1.0, X-CUBE-AZRTOS-WB_V2.0.0, X-CUBE-AZRTOS-WL_V2.0.0, X-CUBE-BLE1_V7.0.0, X-CUBE-BLE2_V3.3.0, X-CUBE-BLEMGR_V2.0.0, X-CUBE-EEPRMA1_V4.1.0, X-CUBE-FREERTOS_V1.1.0, X-CUBE-GNSS1_V6.0.0, X-CUBE-MEMS1_V10.0.0, X-CUBE-MEMS1_V9.1.0, X-CUBE-MEMS1_V9.4.0, X-CUBE-MEMS1_V9.6.0, X-CUBE-NFC4_V3.0.0, X-CUBE-NFC7_V1.0.1, X-CUBE-SFXS2LP1_V4.0.0, X-CUBE-SUBG2_V5.0.0, X-CUBE-TOF1_V3.3.1]
2023-11-05 21:21:41,814 [INFO] DbBoardsSqlite:226 - include board P-NUCLEO-WB55-NUCLEO as a kit item of type 'Nucleo-64'
2023-11-05 21:21:41,814 [INFO] DbBoardsSqlite:226 - include board P-NUCLEO-WB55-USBDONGLE as a kit item of type 'Nucleo USB Dongle'
2023-11-05 21:21:41,814 [INFO] DbBoardsSqlite:226 - include board STEVAL-IDP005V1 as a kit item of type 'Evaluation Board'
2023-11-05 21:21:41,815 [INFO] DbBoardsSqlite:226 - include board STEVAL-IDP005V2 as a kit item of type 'Evaluation Board'
2023-11-05 21:21:41,854 [INFO] ApiDb:240 - Found 323 in-development CPN: [B-G473E-ZEST1S, B-WB1M-WPAN1, B-WL5M-SUBG1, NUCLEO-C031C6, NUCLEO-H503RB, NUCLEO-H563ZI, NUCLEO-U545RE-Q, NUCLEO-U5A5ZJ-Q, NUCLEO-WBA52CG, STEVAL-PROTEUS1, STEVAL-SMARTAG2, STEVAL-STWINBX1, STM320518-EVAL, STM32C0116-DK, STM32C011D6Y3TR, STM32C011D6Y6TR, STM32C011F4P3, STM32C011F4P6, STM32C011F4U3, STM32C011F4U6TR, STM32C011F6P3, STM32C011F6P6, STM32C011F6U3, STM32C011F6U6TR, STM32C011J4M3, STM32C011J4M6, STM32C011J6M3, STM32C011J6M6, STM32C0316-DK, STM32C031C4T3, STM32C031C4T6, STM32C031C4U3, STM32C031C4U6, STM32C031C6T3, STM32C031C6T6, STM32C031C6U3, STM32C031C6U6, STM32C031F4P3, STM32C031F4P6, STM32C031F6P3, STM32C031F6P6, STM32C031G4U3, STM32C031G4U6, STM32C031G6U3, STM32C031G6U6, STM32C031K4T3, STM32C031K4T6, STM32C031K4U3, STM32C031K4U6, STM32C031K6T3, STM32C031K6T6, STM32C031K6U3, STM32C031K6U6, STM32G071K8TXN, STM32G071K8UXN, STM32G081GBU6N, STM32G081KBT6N, STM32G081KBUXN, STM32G0B1CCT6N, STM32G0B1KCT6, STM32G0B1NEY6TR, STM32G0B1RCT6N, STM32G0C1CCT6, STM32G0C1CCT6N, STM32G0C1CCU6N, STM32G0C1CET6N, STM32G0C1CEU6N, STM32G0C1KCT6, STM32G0C1NEY6TR, STM32G0C1RCI6N, STM32G0C1RCT6N, STM32G0C1REI6N, STM32G0C1RET6N, STM32G0C1VCI6, STM32G0C1VEI6, STM32G471CCT6, STM32G471CCU6, STM32G471CET3, STM32G471CET6, STM32G471CEU3, STM32G471CEU6, STM32G471MCT6, STM32G471MET3, STM32G471MET6, STM32G471MEY6TR, STM32G471QCT6, STM32G471QET3, STM32G471RCT6, STM32G471RET3, STM32G471RET6, STM32G471VCH6, STM32G471VCI6, STM32G471VCT6, STM32G471VEH3, STM32G471VEH6, STM32G471VEI3, STM32G471VEI6, STM32G471VET3, STM32G471VET6, STM32G474CCT6, STM32H503CBT6, STM32H503CBU6, STM32H503EBY6TR, STM32H503KBU6, STM32H503RBT6, STM32H562AGI6, STM32H562AII6, STM32H562IGK6, STM32H562IGT6, STM32H562IIK6, STM32H562IIT6, STM32H562RGT6, STM32H562RGV6, STM32H562RIT6, STM32H562RIV6, STM32H562VGT6, STM32H562VIT6, STM32H562ZGT6, STM32H562ZIT6, STM32H563AGI6, STM32H563AII3Q, STM32H563AII6, STM32H563IGK6, STM32H563IGT6, STM32H563IIK3Q, STM32H563IIK6, STM32H563IIT3Q, STM32H563IIT6, STM32H563MIY3QTR, STM32H563RGT6, STM32H563RGV6, STM32H563RIT6, STM32H563RIV6, STM32H563VGT6, STM32H563VIT3Q, STM32H563VIT6, STM32H563ZGT6, STM32H563ZIT3Q, STM32H563ZIT6, STM32H573AII3Q, STM32H573AII6, STM32H573I-DK, STM32H573IIK3Q, STM32H573IIK6, STM32H573IIT3Q, STM32H573IIT6, STM32H573MIY3QTR, STM32H573RIT6, STM32H573RIV6, STM32H573VIT3Q, STM32H573VIT6, STM32H573ZIT3Q, STM32H573ZIT6, STM32L4R5QGI6STR, STM32MP131AAE3, STM32MP131AAF3, STM32MP131AAG3, STM32MP131CAE3, STM32MP131CAF3, STM32MP131CAG3, STM32MP131DAE7, STM32MP131DAF7, STM32MP131DAG7, STM32MP131FAE7, STM32MP131FAF7, STM32MP131FAG7, STM32MP133AAE3, STM32MP133AAF3, STM32MP133AAG3, STM32MP133CAE3, STM32MP133CAF3, STM32MP133CAG3, STM32MP133DAE7, STM32MP133DAF7, STM32MP133DAG7, STM32MP133FAE7, STM32MP133FAF7, STM32MP133FAG7, STM32MP135AAE3, STM32MP135AAF3, STM32MP135AAG3, STM32MP135CAE3, STM32MP135CAF3, STM32MP135CAG3, STM32MP135DAE7, STM32MP135DAF7, STM32MP135DAG7, STM32MP135F-DK, STM32MP135FAE7, STM32MP135FAF7, STM32MP135FAF7T, STM32MP135FAF7U, STM32MP135FAG7, STM32U535CBT6, STM32U535CBT6Q, STM32U535CBU6, STM32U535CBU6Q, STM32U535CCT6, STM32U535CCT6Q, STM32U535CCU6, STM32U535CCU6Q, STM32U535CET6, STM32U535CET6Q, STM32U535CEU6, STM32U535CEU6Q, STM32U535JEY6QTR, STM32U535NCY6QTR, STM32U535NEY6QTR, STM32U535RBI6, STM32U535RBI6Q, STM32U535RBT6, STM32U535RBT6Q, STM32U535RCI6, STM32U535RCI6Q, STM32U535RCT6, STM32U535RCT6Q, STM32U535REI6, STM32U535REI6Q, STM32U535RET6, STM32U535RET6Q, STM32U535VCI6, STM32U535VCI6Q, STM32U535VCT6, STM32U535VCT6Q, STM32U535VEI6, STM32U535VEI6Q, STM32U535VET6, STM32U535VET6Q, STM32U545CET6, STM32U545CET6Q, STM32U545CEU6, STM32U545CEU6Q, STM32U545JEY6QTR, STM32U545NEY6QTR, STM32U545REI6, STM32U545REI6Q, STM32U545RET6, STM32U545RET6Q, STM32U545VEI6, STM32U545VEI6Q, STM32U545VET6, STM32U545VET6Q, STM32U595AIH6, STM32U595AIH6Q, STM32U595AJH6, STM32U595AJH6Q, STM32U595QII6, STM32U595QII6Q, STM32U595QJI6, STM32U595QJI6Q, STM32U595RIT6, STM32U595RIT6Q, STM32U595RJT6, STM32U595RJT6Q, STM32U595VIT6, STM32U595VIT6Q, STM32U595VJT6, STM32U595VJT6Q, STM32U595ZIT6, STM32U595ZIT6Q, STM32U595ZIY6QTR, STM32U595ZJT6, STM32U595ZJT6Q, STM32U595ZJY6QTR, STM32U599BJY6QTR, STM32U599NIH6Q, STM32U599NJH6Q, STM32U599VIT6Q, STM32U599VJT6, STM32U599VJT6Q, STM32U599ZIT6Q, STM32U599ZIY6QTR, STM32U599ZJT6Q, STM32U599ZJY6QTR, STM32U5A5AJH6, STM32U5A5AJH6Q, STM32U5A5QJI6, STM32U5A5QJI6Q, STM32U5A5RJT6, STM32U5A5RJT6Q, STM32U5A5VJT6, STM32U5A5VJT6Q, STM32U5A5ZJT6, STM32U5A5ZJT6Q, STM32U5A5ZJY6QTR, STM32U5A9BJY6QTR, STM32U5A9J-DK, STM32U5A9NJH6Q, STM32U5A9VJT6Q, STM32U5A9ZJT6Q, STM32U5A9ZJY6QTR, STM32U5F7VIT6, STM32U5F7VIT6Q, STM32U5F7VJT6, STM32U5F7VJT6Q, STM32U5F9BJY6QTR, STM32U5F9NJH6Q, STM32U5F9VIT6Q, STM32U5F9VJT6Q, STM32U5F9ZIJ6QTR, STM32U5F9ZIT6Q, STM32U5F9ZJJ6QTR, STM32U5F9ZJT6Q, STM32U5G7VJT6, STM32U5G7VJT6Q, STM32U5G9BJY6QTR, STM32U5G9J-DK1, STM32U5G9J-DK2, STM32U5G9NJH6Q, STM32U5G9VJT6Q, STM32U5G9ZJJ6QTR, STM32U5G9ZJT6Q, STM32WB1MMCH6, STM32WBA52CEU6, STM32WBA52CEU6T, STM32WBA52CGU6, STM32WBA52CGU6T, STM32WBA52KEU6, STM32WBA52KEU6T, STM32WBA52KGU6, STM32WBA52KGU6T, STM32WL5MOCH6, STM32WL5MOCH6TR]
2023-11-05 21:21:41,974 [INFO] BoardInfo:880 - No configuration file found for board P-NUCLEO-WB55
2023-11-05 21:21:41,974 [INFO] DbBoards:157 - Kit is not supported: P-NUCLEO-WB55
2023-11-05 21:21:41,980 [INFO] BoardInfo:880 - No configuration file found for board STEVAL-BFA001V1B
2023-11-05 21:21:41,980 [INFO] DbBoards:157 - Kit is not supported: STEVAL-BFA001V1B
2023-11-05 21:21:41,981 [INFO] BoardInfo:880 - No configuration file found for board STEVAL-BFA001V2B
2023-11-05 21:21:41,981 [INFO] DbBoards:157 - Kit is not supported: STEVAL-BFA001V2B
2023-11-05 21:21:42,109 [INFO] DbBoards:161 - Found 190 boards, 187 are supported
2023-11-05 21:21:42,113 [INFO] ApiDb:414 - User favorites file not found: C:\Users\flowi/.stm32cubeide/favorites.boards.txt
2023-11-05 21:21:42,114 [INFO] DbBoards:190 - Set 0 / 0 favorites Boards
2023-11-05 21:21:42,116 [INFO] ApiDb:668 - CubeFinder database Data Model version=2.1
2023-11-05 21:21:42,116 [INFO] ApiDb:669 - CubeFinder database Configuration version=3.0.37
2023-11-05 21:21:42,116 [INFO] ApiDb:670 - CubeFinder database generation date=2023-10-13 (1697197505)
2023-11-05 21:21:42,117 [INFO] ApiDb:671 - CubeFinder database FW Pack versions=[FP-ATR-ASTRA1_V2.0.0, FP-SNS-FLIGHT1_V5.0.1, FP-SNS-FLIGHT1_V5.0.2, FP-SNS-MOTENV1_V4.3.1, FP-SNS-MOTENV1_V4.3.2, FP-SNS-SMARTAG2_V1.2.0, I-CUBE-ITTIADB_V8.6.3-1, STM32Cube_FW_C0_V1.1.0, STM32Cube_FW_F4_V1.27.1, STM32Cube_FW_F7_V1.17.0, STM32Cube_FW_G0_V1.6.1, STM32Cube_FW_G4_V1.5.1, STM32Cube_FW_H5_V0.5.1, STM32Cube_FW_H5_V1.1.1, STM32Cube_FW_H7_V1.11.0, STM32Cube_FW_L0_V1.12.2, STM32Cube_FW_L5_V1.5.0, STM32Cube_FW_U5_V1.3.0, STM32Cube_FW_U5_V1.3.0RC4, STM32Cube_FW_WBA_V1.0.0RC1, STM32Cube_FW_WBA_V1.1.0RC1, STM32Cube_FW_WBA_V1.1.1, STM32Cube_FW_WB_V1.15.0RC1, STM32Cube_FW_WB_V1.16.0, STM32Cube_FW_WB_V1.16.0RC2, STM32Cube_FW_WB_V1.17.3, STM32Cube_FW_WL_V1.3.0, X-CUBE-ALGOBUILD_V1.3.0, X-CUBE-ALS_V1.0.1, X-CUBE-AZRTOS-F4_V1.1.0, X-CUBE-AZRTOS-F7_V1.1.0, X-CUBE-AZRTOS-G0_V1.1.0, X-CUBE-AZRTOS-G4_V2.0.0, X-CUBE-AZRTOS-H7_V3.1.0, X-CUBE-AZRTOS-L4_V1.0.0, X-CUBE-AZRTOS-L4_V2.0.0, X-CUBE-AZRTOS-L5_V1.1.0, X-CUBE-AZRTOS-WB_V2.0.0, X-CUBE-AZRTOS-WL_V2.0.0, X-CUBE-BLE1_V7.0.0, X-CUBE-BLE2_V3.3.0, X-CUBE-BLEMGR_V2.0.0, X-CUBE-EEPRMA1_V4.1.0, X-CUBE-FREERTOS_V1.1.0, X-CUBE-GNSS1_V6.0.0, X-CUBE-MEMS1_V10.0.0, X-CUBE-MEMS1_V9.1.0, X-CUBE-MEMS1_V9.4.0, X-CUBE-MEMS1_V9.6.0, X-CUBE-NFC4_V3.0.0, X-CUBE-NFC7_V1.0.1, X-CUBE-SFXS2LP1_V4.0.0, X-CUBE-SUBG2_V5.0.0, X-CUBE-TOF1_V3.3.1]
2023-11-05 21:21:42,764 [ERROR] DbExamplesSqlite:437 - Missing JSON key: board_cpn
2023-11-05 21:21:42,765 [ERROR] DbExamplesSqlite:437 - Missing JSON key: board_cpn
2023-11-05 21:21:42,765 [ERROR] DbExamplesSqlite:437 - Missing JSON key: board_cpn
2023-11-05 21:21:42,765 [ERROR] DbExamplesSqlite:437 - Missing JSON key: board_cpn
2023-11-05 21:21:42,771 [INFO] DbExamplesSqlite:395 - Ignored 27 examples not supported by CubeIDE
2023-11-05 21:21:42,771 [INFO] DbExamplesSqlite:396 - Found 7221 examples active
2023-11-05 21:21:42,771 [INFO] DbExamplesSqlite:397 - Found 777 examples obsolete
2023-11-05 21:21:42,772 [INFO] DbExamplesSqlite:398 - Found 0 examples under development
2023-11-05 21:21:42,772 [INFO] DbExamplesSqlite:399 - Found 74 examples not building
2023-11-05 21:21:42,774 [INFO] DbExamples:125 - Found 7268 examples
2023-11-05 21:21:42,790 [INFO] DbExamples:222 - Found 93 boards with related examples
2023-11-05 21:21:42,791 [INFO] DbExamples:235 - Found 79 MCUs with related examples
2023-11-05 21:21:42,821 [INFO] ApiDb:414 - User favorites file not found: C:\Users\flowi/.stm32cubeide/favorites.examples.txt
2023-11-05 21:21:42,821 [INFO] DbExamples:250 - Set 0 / 0 favorites Examples
2023-11-05 21:21:42,983 [INFO] McuFinderGlobals:76 - Set McuFinderConnectedMode to true
2023-11-05 21:21:42,992 [INFO] MultiScanPanel:200 - Auto-refresh data requested => check proxy status ongoing
2023-11-05 21:21:42,997 [INFO] FinderPluginLoader:95 - Searching for filters in installed packs
2023-11-05 21:21:44,474 [INFO] LoadUrlFilesThread:185 - End of LoadServerUrlFiles without Thread
2023-11-05 21:21:44,481 [INFO] DetailPanel:341 - Set advertising image to C:/Users/flowi/STM32Cube/Repository/\en.prom-stm32h5-mcu-finder.jpg
2023-11-05 21:22:01,127 [INFO] MultiScanPanel:200 - Auto-refresh data requested => check proxy status ongoing
2023-11-05 21:22:01,265 [INFO] LoadUrlFilesThread:185 - End of LoadServerUrlFiles without Thread
2023-11-05 21:22:01,265 [INFO] DetailPanel:341 - Set advertising image to C:/Users/flowi/STM32Cube/Repository/\en.prom-stm32h5-mcu-finder.jpg
2023-11-05 21:22:01,280 [INFO] DbBoards:634 - Loading board mini-images...
2023-11-05 21:22:03,189 [INFO] DbBoards:657 - Loaded 190 board mini-images
2023-11-05 21:22:09,180 [INFO] BoardResultTable:719 - Mark Board NUCLEO-F411RE as favorite
2023-11-05 21:22:17,643 [INFO] McuFinderGlobals:76 - Set McuFinderConnectedMode to true
2023-11-05 21:22:17,992 [INFO] ApiDb:448 - Save user favorites file C:\Users\flowi/.stm32cubeide/favorites.mcus.txt: 0 item(s)
2023-11-05 21:22:17,992 [INFO] ApiDb:452 - User favorites MCUs=[]
2023-11-05 21:22:17,996 [INFO] ApiDb:448 - Save user favorites file C:\Users\flowi/.stm32cubeide/favorites.boards.txt: 1 item(s)
2023-11-05 21:22:17,997 [INFO] ApiDb:452 - User favorites Boards=[NUCLEO-F411RE]
2023-11-05 21:30:19,238 [ERROR] LogOutputStream:75 - [STDERR_REDIRECT] 
