2023-11-14 15:47:39,469 [INFO] Activator:176 - 


2023-11-14 15:47:39,477 [INFO] Activator:177 - !SESSION log4j initialized
2023-11-14 15:47:45,472 [INFO] LogOutputStream:77 - [STDOUT_REDIRECT] 
2023-11-14 15:47:47,533 [INFO] ApplicationProperties:184 - Using Application install path: C:\Software\STM32CubeIDE_1.13.0\STM32CubeIDE\plugins\com.st.stm32cube.common.mx_6.9.0.202307051724
2023-11-14 15:47:47,550 [INFO] DbMcusXml:78 - Set database path to: C:\Software\STM32CubeIDE_1.13.0\STM32CubeIDE\plugins\com.st.stm32cube.common.mx_6.9.0.202307051724\\db\/mcu/
2023-11-14 15:47:47,551 [INFO] ApiDb:274 - Set plugin database path to: C:\Software\STM32CubeIDE_1.13.0\STM32CubeIDE\plugins\com.st.stm32cube.common.mx_6.9.0.202307051724\\db\/plugins/boardmanager/
2023-11-14 15:47:47,552 [WARN] ApiDb:259 - Overriding images path with different value:  => C:\Software\STM32CubeIDE_1.13.0\STM32CubeIDE\plugins\com.st.stm32cube.common.mx_6.9.0.202307051724\\db\/plugins/mcufinder/images/
2023-11-14 15:47:47,566 [INFO] ApiDb:250 - Set database path to: C:\Users\flowi\.stmcufinder\plugins\mcufinder//mcu/
2023-11-14 15:47:47,567 [INFO] DbMcusAds:125 - Set database path to: C:\Users\flowi\.stmcufinder\plugins\mcufinder//mcu/
2023-11-14 15:47:47,569 [INFO] CrossReferenceDbSqlite:203 - Set database path to: C:\Users\flowi\.stmcufinder\plugins\mcufinder//mcu/cs/
2023-11-14 15:47:47,697 [INFO] RulesReader:64 - Compatibility file has been processed (293 Rules)
2023-11-14 15:47:47,784 [INFO] DbMcusXml:78 - Set database path to: C:\Software\STM32CubeIDE_1.13.0\STM32CubeIDE\plugins\com.st.stm32cube.common.mx_6.9.0.202307051724\\db\/mcu/
2023-11-14 15:47:47,784 [INFO] ApiDb:274 - Set plugin database path to: C:\Software\STM32CubeIDE_1.13.0\STM32CubeIDE\plugins\com.st.stm32cube.common.mx_6.9.0.202307051724\\db\/plugins/boardmanager/
2023-11-14 15:47:47,784 [INFO] ApiDb:261 - Set plugin images path to: C:\Software\STM32CubeIDE_1.13.0\STM32CubeIDE\plugins\com.st.stm32cube.common.mx_6.9.0.202307051724\\db\/plugins/mcufinder/images/
2023-11-14 15:47:47,784 [WARN] DbFile:41 - Overriding database path with different value: C:\Users\flowi\.stmcufinder\plugins\mcufinder/ => C:\Users\flowi\.stmcufinder\plugins\mcufinder
2023-11-14 15:47:47,784 [INFO] ApiDb:250 - Set database path to: C:\Users\flowi\.stmcufinder\plugins\mcufinder//mcu/
2023-11-14 15:47:47,785 [WARN] DbFile:41 - Overriding database path with different value: C:\Users\flowi\.stmcufinder\plugins\mcufinder/ => C:\Users\flowi\.stmcufinder\plugins\mcufinder
2023-11-14 15:47:47,785 [INFO] DbMcusAds:125 - Set database path to: C:\Users\flowi\.stmcufinder\plugins\mcufinder//mcu/
2023-11-14 15:47:47,785 [WARN] DbFile:41 - Overriding database path with different value: C:\Users\flowi\.stmcufinder\plugins\mcufinder/ => C:\Users\flowi\.stmcufinder\plugins\mcufinder
2023-11-14 15:47:47,785 [WARN] DbFile:41 - Overriding database path with different value: C:\Users\flowi\.stmcufinder\plugins\mcufinder/ => C:\Users\flowi\.stmcufinder\plugins\mcufinder
2023-11-14 15:47:47,785 [INFO] CrossReferenceDbSqlite:203 - Set database path to: C:\Users\flowi\.stmcufinder\plugins\mcufinder//mcu/cs/
2023-11-14 15:47:47,860 [INFO] MainPanel:262 - HeapMemory: 268435456
2023-11-14 15:47:47,944 [INFO] DbMcusXml:78 - Set database path to: C:\Software\STM32CubeIDE_1.13.0\STM32CubeIDE\plugins\com.st.stm32cube.common.mx_6.9.0.202307051724\\db\/mcu/
2023-11-14 15:47:47,944 [INFO] ApiDb:274 - Set plugin database path to: C:\Software\STM32CubeIDE_1.13.0\STM32CubeIDE\plugins\com.st.stm32cube.common.mx_6.9.0.202307051724\\db\/plugins/boardmanager/
2023-11-14 15:47:47,944 [INFO] ApiDb:261 - Set plugin images path to: C:\Software\STM32CubeIDE_1.13.0\STM32CubeIDE\plugins\com.st.stm32cube.common.mx_6.9.0.202307051724\\db\/plugins/mcufinder/images/
2023-11-14 15:47:47,945 [WARN] DbFile:41 - Overriding database path with different value: C:\Users\flowi\.stmcufinder\plugins\mcufinder/ => C:\Users\flowi\.stmcufinder\plugins\mcufinder
2023-11-14 15:47:47,945 [INFO] ApiDb:250 - Set database path to: C:\Users\flowi\.stmcufinder\plugins\mcufinder//mcu/
2023-11-14 15:47:47,945 [WARN] DbFile:41 - Overriding database path with different value: C:\Users\flowi\.stmcufinder\plugins\mcufinder/ => C:\Users\flowi\.stmcufinder\plugins\mcufinder
2023-11-14 15:47:47,945 [INFO] DbMcusAds:125 - Set database path to: C:\Users\flowi\.stmcufinder\plugins\mcufinder//mcu/
2023-11-14 15:47:47,945 [WARN] DbFile:41 - Overriding database path with different value: C:\Users\flowi\.stmcufinder\plugins\mcufinder/ => C:\Users\flowi\.stmcufinder\plugins\mcufinder
2023-11-14 15:47:47,945 [WARN] DbFile:41 - Overriding database path with different value: C:\Users\flowi\.stmcufinder\plugins\mcufinder/ => C:\Users\flowi\.stmcufinder\plugins\mcufinder
2023-11-14 15:47:47,945 [INFO] CrossReferenceDbSqlite:203 - Set database path to: C:\Users\flowi\.stmcufinder\plugins\mcufinder//mcu/cs/
2023-11-14 15:47:47,962 [INFO] ApplicationProperties:184 - Using Application install path: C:\Software\STM32CubeIDE_1.13.0\STM32CubeIDE\plugins\com.st.stm32cube.common.mx_6.9.0.202307051724
2023-11-14 15:47:47,964 [INFO] PluginManage:196 - Search for loadable plugins [exclusion list=, ]
2023-11-14 15:47:47,965 [INFO] PluginManage:310 - Check plugin analytics
2023-11-14 15:47:48,121 [INFO] AnalyticsPlugin:253 - Accepted Software Licenses: 
2023-11-14 15:47:48,122 [INFO] AnalyticsPlugin:255 - Accepted CMSIS Pack Licenses: 
2023-11-14 15:47:48,122 [INFO] AnalyticsPlugin:257 - Accepted Firmware Licenses: FW.F4.1.27.0
2023-11-14 15:47:48,124 [INFO] PluginManage:359 - Loaded plugin analytics (category:tool,tabindex:-1)
2023-11-14 15:47:48,126 [INFO] PluginManage:310 - Check plugin cadmodel
2023-11-14 15:47:48,142 [INFO] CADModel:105 - Init CAD model plugin
2023-11-14 15:47:48,142 [INFO] PluginManage:359 - Loaded plugin cadmodel (category:power,tabindex:5)
2023-11-14 15:47:48,142 [INFO] PluginManage:310 - Check plugin clock
2023-11-14 15:47:48,164 [INFO] PluginManage:359 - Loaded plugin clock (category:base,tabindex:2)
2023-11-14 15:47:48,164 [INFO] PluginManage:310 - Check plugin ddr
2023-11-14 15:47:48,167 [INFO] PluginManage:359 - Loaded plugin ddr (category:tool,tabindex:6)
2023-11-14 15:47:48,167 [INFO] PluginManage:310 - Check plugin filemanager
2023-11-14 15:47:48,285 [INFO] PluginManage:359 - Loaded plugin filemanager (category:base,tabindex:10)
2023-11-14 15:47:48,285 [INFO] PluginManage:310 - Check plugin ipmanager
2023-11-14 15:47:48,293 [INFO] PluginManage:359 - Loaded plugin ipmanager (category:base,tabindex:5)
2023-11-14 15:47:48,293 [INFO] PluginManage:310 - Check plugin lpbam
2023-11-14 15:47:48,310 [INFO] PluginManage:359 - Loaded plugin lpbam (category:base,tabindex:0)
2023-11-14 15:47:48,310 [INFO] PluginManage:310 - Check plugin memorymap
2023-11-14 15:47:48,332 [INFO] PluginManage:359 - Loaded plugin memorymap (category:base,tabindex:4)
2023-11-14 15:47:48,332 [INFO] PluginManage:310 - Check plugin pinoutandconfiguration
2023-11-14 15:47:48,349 [INFO] PluginManage:359 - Loaded plugin pinoutandconfiguration (category:base,tabindex:1)
2023-11-14 15:47:48,349 [INFO] PluginManage:310 - Check plugin pinoutconfig
2023-11-14 15:47:48,454 [WARN] SupportedApi:132 - Cannot load RTOS API schema: s4s-elt-must-match.1: The content of 'definitions' must match (annotation?, (simpleType | complexType)?, (unique | key | keyref)*)). A problem was found starting at: attribute.
2023-11-14 15:47:48,579 [INFO] PluginManage:359 - Loaded plugin pinoutconfig (category:base,tabindex:0)
2023-11-14 15:47:48,579 [INFO] PluginManage:310 - Check plugin power
2023-11-14 15:47:48,599 [INFO] PluginManage:359 - Loaded plugin power (category:power,tabindex:4)
2023-11-14 15:47:48,599 [INFO] PluginManage:310 - Check plugin projectmanager
2023-11-14 15:47:48,615 [INFO] PluginManage:359 - Loaded plugin projectmanager (category:projectmanager,tabindex:3)
2023-11-14 15:47:48,615 [INFO] PluginManage:310 - Check plugin thirdparty
2023-11-14 15:47:48,894 [INFO] PluginManage:359 - Loaded plugin thirdparty (category:base,tabindex:-1)
2023-11-14 15:47:48,895 [INFO] PluginManage:310 - Check plugin tools
2023-11-14 15:47:48,894 [WARN] IntegrityCheckThread:84 - waiting for thirdparty lock release [integrity check]
2023-11-14 15:47:48,895 [INFO] IntegrityCheckThread:86 - entering critical section [integrity check]
2023-11-14 15:47:48,895 [INFO] ThirdPartyUpdaterWithRetryManager:70 - Updater plugin not ready yet. [1/15]
2023-11-14 15:47:48,927 [INFO] PluginManage:359 - Loaded plugin tools (category:base,tabindex:7)
2023-11-14 15:47:48,928 [INFO] PluginManage:310 - Check plugin tutovideos
2023-11-14 15:47:49,100 [INFO] PluginManage:359 - Loaded plugin tutovideos (category:base,tabindex:-1)
2023-11-14 15:47:49,100 [INFO] PluginManage:310 - Check plugin updater
2023-11-14 15:47:49,111 [INFO] PluginManage:359 - Loaded plugin updater (category:base,tabindex:12)
2023-11-14 15:47:49,111 [INFO] PluginManage:310 - Check plugin userauth
2023-11-14 15:47:49,117 [INFO] UserAuth:113 - Init User Auth plugin
2023-11-14 15:47:49,117 [INFO] PluginManage:359 - Loaded plugin userauth (category:base,tabindex:14)
2023-11-14 15:47:49,117 [INFO] PluginManage:283 - PluginManage : Loaded plugins [17]
2023-11-14 15:47:49,333 [INFO] PinOutPanel:1499 - setPackage(No Configuration,No Configuration)
2023-11-14 15:47:49,432 [INFO] CADModel:165 - CPN selected for project level
2023-11-14 15:47:49,432 [INFO] CADModel:114 - Register for checkConnection events
2023-11-14 15:47:49,456 [INFO] IPUIPlugin:80 - create IPUIPlugin
2023-11-14 15:47:49,456 [INFO] PluginManager:220 - loadIPPluginJar : add adc
2023-11-14 15:47:49,488 [INFO] IPUIPlugin:80 - create IPUIPlugin
2023-11-14 15:47:49,489 [INFO] PluginManager:220 - loadIPPluginJar : add aes
2023-11-14 15:47:49,526 [INFO] IPUIPlugin:80 - create IPUIPlugin
2023-11-14 15:47:49,526 [INFO] PluginManager:220 - loadIPPluginJar : add can
2023-11-14 15:47:49,545 [INFO] IPUIPlugin:80 - create IPUIPlugin
2023-11-14 15:47:49,546 [INFO] PluginManager:220 - loadIPPluginJar : add comp
2023-11-14 15:47:49,575 [INFO] IPUIPlugin:80 - create IPUIPlugin
2023-11-14 15:47:49,575 [INFO] PluginManager:220 - loadIPPluginJar : add cryp
2023-11-14 15:47:49,602 [INFO] IPUIPlugin:80 - create IPUIPlugin
2023-11-14 15:47:49,602 [INFO] PluginManager:220 - loadIPPluginJar : add dfsdm
2023-11-14 15:47:49,615 [INFO] IPUIPlugin:80 - create IPUIPlugin
2023-11-14 15:47:49,615 [INFO] PluginManager:220 - loadIPPluginJar : add dma
2023-11-14 15:47:49,653 [INFO] IPUIPlugin:80 - create IPUIPlugin
2023-11-14 15:47:49,653 [INFO] PluginManager:220 - loadIPPluginJar : add dma3
2023-11-14 15:47:49,673 [INFO] IPUIPlugin:80 - create IPUIPlugin
2023-11-14 15:47:49,673 [INFO] PluginManager:220 - loadIPPluginJar : add fatfs
2023-11-14 15:47:49,719 [INFO] IPUIPlugin:80 - create IPUIPlugin
2023-11-14 15:47:49,720 [INFO] PluginManager:220 - loadIPPluginJar : add fmc
2023-11-14 15:47:49,734 [INFO] IPUIPlugin:80 - create IPUIPlugin
2023-11-14 15:47:49,734 [INFO] PluginManager:220 - loadIPPluginJar : add freertos
2023-11-14 15:47:49,754 [INFO] IPUIPlugin:80 - create IPUIPlugin
2023-11-14 15:47:49,754 [INFO] PluginManager:220 - loadIPPluginJar : add genericplugin
2023-11-14 15:47:49,839 [INFO] IPUIPlugin:80 - create IPUIPlugin
2023-11-14 15:47:49,839 [INFO] PluginManager:220 - loadIPPluginJar : add gfxmmu
2023-11-14 15:47:49,977 [INFO] IPUIPlugin:80 - create IPUIPlugin
2023-11-14 15:47:49,977 [INFO] PluginManager:220 - loadIPPluginJar : add gic
2023-11-14 15:47:49,988 [INFO] IPUIPlugin:80 - create IPUIPlugin
2023-11-14 15:47:49,988 [INFO] PluginManager:220 - loadIPPluginJar : add gpio
2023-11-14 15:47:50,078 [INFO] IPUIPlugin:80 - create IPUIPlugin
2023-11-14 15:47:50,078 [INFO] PluginManager:220 - loadIPPluginJar : add gtzc
2023-11-14 15:47:50,107 [INFO] IPUIPlugin:80 - create IPUIPlugin
2023-11-14 15:47:50,107 [INFO] PluginManager:220 - loadIPPluginJar : add hash
2023-11-14 15:47:50,156 [INFO] IPUIPlugin:80 - create IPUIPlugin
2023-11-14 15:47:50,156 [INFO] PluginManager:220 - loadIPPluginJar : add i2c
2023-11-14 15:47:50,191 [INFO] IPUIPlugin:80 - create IPUIPlugin
2023-11-14 15:47:50,191 [INFO] PluginManager:220 - loadIPPluginJar : add i2s
2023-11-14 15:47:50,228 [INFO] IPUIPlugin:80 - create IPUIPlugin
2023-11-14 15:47:50,228 [INFO] PluginManager:220 - loadIPPluginJar : add i3c
2023-11-14 15:47:50,317 [INFO] IPUIPlugin:80 - create IPUIPlugin
2023-11-14 15:47:50,317 [INFO] PluginManager:220 - loadIPPluginJar : add ipddr
2023-11-14 15:47:50,403 [INFO] IPUIPlugin:80 - create IPUIPlugin
2023-11-14 15:47:50,403 [INFO] PluginManager:220 - loadIPPluginJar : add linkedlist
2023-11-14 15:47:50,435 [INFO] IPUIPlugin:80 - create IPUIPlugin
2023-11-14 15:47:50,435 [INFO] PluginManager:220 - loadIPPluginJar : add lorawan
2023-11-14 15:47:50,467 [INFO] IPUIPlugin:80 - create IPUIPlugin
2023-11-14 15:47:50,467 [INFO] PluginManager:220 - loadIPPluginJar : add ltdc
2023-11-14 15:47:50,480 [INFO] IPUIPlugin:80 - create IPUIPlugin
2023-11-14 15:47:50,480 [INFO] PluginManager:220 - loadIPPluginJar : add mdma
2023-11-14 15:47:50,491 [INFO] IPUIPlugin:80 - create IPUIPlugin
2023-11-14 15:47:50,491 [INFO] PluginManager:220 - loadIPPluginJar : add nvic
2023-11-14 15:47:50,523 [INFO] IPUIPlugin:80 - create IPUIPlugin
2023-11-14 15:47:50,523 [INFO] PluginManager:220 - loadIPPluginJar : add opamp
2023-11-14 15:47:50,576 [INFO] IPUIPlugin:80 - create IPUIPlugin
2023-11-14 15:47:50,576 [INFO] PluginManager:220 - loadIPPluginJar : add openamp
2023-11-14 15:47:50,614 [INFO] IPUIPlugin:80 - create IPUIPlugin
2023-11-14 15:47:50,614 [INFO] PluginManager:220 - loadIPPluginJar : add pdm2pcm
2023-11-14 15:47:50,626 [INFO] IPUIPlugin:80 - create IPUIPlugin
2023-11-14 15:47:50,628 [INFO] PluginManager:220 - loadIPPluginJar : add plateformsettings
2023-11-14 15:47:50,648 [INFO] IPUIPlugin:80 - create IPUIPlugin
2023-11-14 15:47:50,648 [INFO] PluginManager:220 - loadIPPluginJar : add quadspi
2023-11-14 15:47:50,660 [INFO] IPUIPlugin:80 - create IPUIPlugin
2023-11-14 15:47:50,660 [INFO] PluginManager:220 - loadIPPluginJar : add resmgrutility
2023-11-14 15:47:50,701 [INFO] IPUIPlugin:80 - create IPUIPlugin
2023-11-14 15:47:50,701 [INFO] PluginManager:220 - loadIPPluginJar : add sai
2023-11-14 15:47:50,733 [INFO] IPUIPlugin:80 - create IPUIPlugin
2023-11-14 15:47:50,733 [INFO] PluginManager:220 - loadIPPluginJar : add spi
2023-11-14 15:47:50,782 [INFO] IPUIPlugin:80 - create IPUIPlugin
2023-11-14 15:47:50,782 [INFO] PluginManager:220 - loadIPPluginJar : add stm32_wpan
2023-11-14 15:47:50,803 [INFO] IPUIPlugin:80 - create IPUIPlugin
2023-11-14 15:47:50,803 [INFO] PluginManager:220 - loadIPPluginJar : add tim
2023-11-14 15:47:50,855 [INFO] IPUIPlugin:80 - create IPUIPlugin
2023-11-14 15:47:50,855 [INFO] PluginManager:220 - loadIPPluginJar : add touchsensing
2023-11-14 15:47:50,875 [INFO] IPUIPlugin:80 - create IPUIPlugin
2023-11-14 15:47:50,875 [INFO] PluginManager:220 - loadIPPluginJar : add tracer_emb
2023-11-14 15:47:50,899 [INFO] IPUIPlugin:80 - create IPUIPlugin
2023-11-14 15:47:50,899 [INFO] PluginManager:220 - loadIPPluginJar : add ts
2023-11-14 15:47:50,917 [INFO] IPUIPlugin:80 - create IPUIPlugin
2023-11-14 15:47:50,917 [INFO] PluginManager:220 - loadIPPluginJar : add tsc
2023-11-14 15:47:50,941 [INFO] IPUIPlugin:80 - create IPUIPlugin
2023-11-14 15:47:50,941 [INFO] PluginManager:220 - loadIPPluginJar : add ucpd
2023-11-14 15:47:50,982 [INFO] IPUIPlugin:80 - create IPUIPlugin
2023-11-14 15:47:50,982 [INFO] PluginManager:220 - loadIPPluginJar : add usart
2023-11-14 15:47:51,022 [INFO] IPUIPlugin:80 - create IPUIPlugin
2023-11-14 15:47:51,022 [INFO] PluginManager:220 - loadIPPluginJar : add usbx
2023-11-14 15:47:51,142 [INFO] CADModel:165 - CPN selected for project level
2023-11-14 15:47:51,142 [INFO] CADModel:114 - Register for checkConnection events
2023-11-14 15:47:51,143 [FATAL] Updater:308 - Updater called before beeing initialized
2023-11-14 15:47:51,143 [ERROR] CADModel:125 - Updater not yet initialized, retry later 
2023-11-14 15:47:51,275 [INFO] CADModel:165 - CPN selected for project level
2023-11-14 15:47:51,275 [INFO] CADModel:114 - Register for checkConnection events
2023-11-14 15:47:51,275 [FATAL] Updater:308 - Updater called before beeing initialized
2023-11-14 15:47:51,275 [ERROR] CADModel:125 - Updater not yet initialized, retry later 
2023-11-14 15:47:51,278 [FATAL] Updater:308 - Updater called before beeing initialized
2023-11-14 15:47:51,389 [FATAL] Updater:308 - Updater called before beeing initialized
2023-11-14 15:47:51,401 [INFO] DbMcusAds:53 - JSON generation date=Tue Mar 07 17:50:55 KST 2023 (1678179055335)
2023-11-14 15:47:51,401 [FATAL] Updater:308 - Updater called before beeing initialized
2023-11-14 15:47:51,479 [WARN] DetailPanel:346 - Failed to get advertising image, set to default
2023-11-14 15:47:51,567 [FATAL] Updater:308 - Updater called before beeing initialized
2023-11-14 15:47:51,570 [FATAL] Updater:308 - Updater called before beeing initialized
2023-11-14 15:47:51,570 [FATAL] Updater:308 - Updater called before beeing initialized
2023-11-14 15:47:51,570 [WARN] DetailPanel:346 - Failed to get advertising image, set to default
2023-11-14 15:47:51,570 [FATAL] Updater:308 - Updater called before beeing initialized
2023-11-14 15:47:51,630 [ERROR] Updater:1120 - MainUpdater not yet initialized. External WinMGr cannot be set.
2023-11-14 15:47:51,642 [INFO] Updater:1056 - Updater Version found : 6.9.0
2023-11-14 15:47:51,659 [INFO] ApplicationProperties:184 - Using Application install path: C:\Software\STM32CubeIDE_1.13.0\STM32CubeIDE\plugins\com.st.stm32cube.common.mx_6.9.0.202307051724
2023-11-14 15:47:51,896 [INFO] ThirdPartyUpdaterWithRetryManager:70 - Updater plugin not ready yet. [2/15]
2023-11-14 15:47:51,914 [INFO] MainUpdater:2868 - connection check result : 10
2023-11-14 15:47:51,914 [INFO] MainUpdater:3562 - Updater definition file requires update
2023-11-14 15:47:51,916 [INFO] MainUpdater:285 - Updater Check For Update Now.
2023-11-14 15:47:51,916 [INFO] MicroXplorer:498 - Change Database Version : DB.6.0.90
2023-11-14 15:47:51,991 [INFO] ServerAccessManage:473 - Download File updaters.zip
2023-11-14 15:47:51,994 [INFO] McuFinderGlobals:63 - Set McuFinder mode to 2 (CubeIDE integrated)
2023-11-14 15:47:51,995 [INFO] UserAuth:179 - activating auth plugin
2023-11-14 15:47:51,999 [INFO] UserAuth:393 - Internet connection configuration mode: 1
2023-11-14 15:47:52,032 [INFO] JxBrowserEngine:151 - Initiate JxBrowser Engine with user profile folder
2023-11-14 15:47:52,145 [INFO] FileExtend:240 - Unzip File : updaters.zip
2023-11-14 15:47:52,145 [INFO] FileExtend:255 - Standard Zip Deflate
2023-11-14 15:47:52,888 [INFO] ServerAccessManage:473 - Download File PacksControlFlags.xml
2023-11-14 15:47:53,060 [INFO] ServerAccessManage:473 - Download File cubemx.pidx
2023-11-14 15:47:53,514 [INFO] ServerAccessManage:473 - Download File STMicroelectronics.FP-SNS-MOTENVWB1.pdsc
2023-11-14 15:47:54,897 [WARN] MainUpdater:1189 - Updater busy. Cannot search thirdparties
2023-11-14 15:47:54,897 [INFO] ThirdPartyUpdaterWithRetryManager:96 - Updater plugin is busy. [1/15]
2023-11-14 15:47:55,410 [INFO] WebApp:157 - Instantiating new browser for Auth
2023-11-14 15:47:55,882 [ERROR] ServerAccessManage:1096 - Problem, Http access forbiden
2023-11-14 15:47:55,883 [ERROR] ServerAccessManage:651 - Problem, Http access forbiden : RoweBots.I-CUBE-UNISONRTOS.pdsc.
2023-11-14 15:47:56,113 [INFO] WebApp:753 - Register for checkConnection events
2023-11-14 15:47:56,113 [INFO] WebApp:390 - Apply proxy settings
2023-11-14 15:47:56,114 [INFO] WebApp:475 - Chromium requires no authentication
2023-11-14 15:47:56,122 [INFO] WebApp:418 - Direct internet connection detected
2023-11-14 15:47:56,292 [INFO] WebApp:188 - Starting web application
2023-11-14 15:47:56,292 [INFO] WebApp:520 - Web application path used C:\Software\STM32CubeIDE_1.13.0\STM32CubeIDE\plugins\com.st.stm32cube.common.mx_6.9.0.202307051724\db\plugins\mcufinder\reactClient1\index.html
2023-11-14 15:47:57,218 [ERROR] ServerAccessManage:1172 - Problem during Server Connection :  IO error PKIX path building failed: sun.security.provider.certpath.SunCertPathBuilderException: unable to find valid certification path to requested target
2023-11-14 15:47:57,219 [ERROR] ServerAccessManage:651 - Problem during Server Connection :  : SEGGER.I-CUBE-embOS.pdsc.
2023-11-14 15:47:57,420 [WARN] PackLoader:240 - Cannot read IP mode file for STMicroelectronics.FP-SNS-MOTENVWB1.1.3.0
2023-11-14 15:47:57,424 [INFO] PopulateThirdPartyThread:66 - Ending populate Thread
2023-11-14 15:47:57,426 [INFO] ThirdParty:1030 - CMSIS Pack Vendor :STMicroelectronics FP-SNS-MOTENVWB1 1.3.0
2023-11-14 15:47:57,427 [INFO] LoadServerUpdatesThread:373 - End of LoadServerUpdate Thread
2023-11-14 15:47:57,541 [INFO] CheckServerUpdateThread:120 - End of CheckServer Thread
2023-11-14 15:47:58,121 [WARN] PackLoader:240 - Cannot read IP mode file for STMicroelectronics.X-CUBE-SMBUS.2.1.0
2023-11-14 15:47:58,163 [WARN] PackLoader:240 - Cannot read IP mode file for STMicroelectronics.X-CUBE-AZRTOS-F7.1.1.0
2023-11-14 15:47:58,184 [WARN] PackLoader:240 - Cannot read IP mode file for STMicroelectronics.FP-SNS-MOTENV1.4.3.2
2023-11-14 15:47:58,195 [WARN] PackLoader:240 - Cannot read IP mode file for STMicroelectronics.FP-SNS-FLIGHT1.5.0.2
2023-11-14 15:47:58,214 [WARN] PackLoader:240 - Cannot read IP mode file for STMicroelectronics.X-CUBE-DISPLAY.3.0.0
2023-11-14 15:47:58,241 [WARN] PackLoader:240 - Cannot read IP mode file for STMicroelectronics.X-CUBE-BLE1.7.0.0
2023-11-14 15:47:58,257 [WARN] PackLoader:240 - Cannot read IP mode file for emotas.I-CUBE-CANOPEN.1.3.0
2023-11-14 15:47:58,273 [WARN] PackLoader:240 - Cannot read IP mode file for STMicroelectronics.X-CUBE-TOUCHGFX.4.22.1
2023-11-14 15:47:58,287 [WARN] PackLoader:240 - Cannot read IP mode file for STMicroelectronics.FP-SNS-SMARTAG2.1.2.0
2023-11-14 15:47:58,311 [INFO] LogOutputStream:77 - [STDOUT_REDIRECT] 1 : Invalid condition id : UX_CORESTACK_Condition cause : null
2023-11-14 15:47:58,312 [INFO] LogOutputStream:77 - [STDOUT_REDIRECT] 1 : Invalid condition id : UX_CORESTACK_Condition cause : null
2023-11-14 15:47:58,313 [INFO] LogOutputStream:77 - [STDOUT_REDIRECT] 1 : Invalid condition id : UX_CORESTACK_Condition cause : null
2023-11-14 15:47:58,314 [INFO] LogOutputStream:77 - [STDOUT_REDIRECT] 1 : Invalid condition id : UX_CORESTACK_Condition cause : null
2023-11-14 15:47:58,315 [INFO] LogOutputStream:77 - [STDOUT_REDIRECT] 1 : Invalid condition id : UX_CORESTACK_Condition cause : null
2023-11-14 15:47:58,318 [WARN] PackLoader:240 - Cannot read IP mode file for STMicroelectronics.X-CUBE-AZRTOS-WL.2.0.0
2023-11-14 15:47:58,338 [WARN] PackLoader:240 - Cannot read IP mode file for WES.I-CUBE-Cesium.1.3.0
2023-11-14 15:47:58,351 [WARN] PackLoader:240 - Cannot read IP mode file for STMicroelectronics.X-CUBE-BLE2.3.3.0
2023-11-14 15:47:58,370 [WARN] PackLoader:240 - Cannot read IP mode file for STMicroelectronics.X-CUBE-ALGOBUILD.1.3.0
2023-11-14 15:47:58,403 [WARN] PackLoader:240 - Cannot read IP mode file for STMicroelectronics.X-CUBE-AZRTOS-G0.1.1.0
2023-11-14 15:47:58,425 [WARN] PackLoader:240 - Cannot read IP mode file for STMicroelectronics.X-CUBE-NFC4.3.0.0
2023-11-14 15:47:58,448 [WARN] PackLoader:240 - Cannot read IP mode file for STMicroelectronics.X-CUBE-BLEMGR.3.0.0
2023-11-14 15:47:58,459 [WARN] PackLoader:240 - Cannot read IP mode file for STMicroelectronics.FP-ATR-SIGFOX1.3.2.0
2023-11-14 15:47:58,478 [WARN] PackLoader:240 - Cannot read IP mode file for STMicroelectronics.X-CUBE-GNSS1.6.0.0
2023-11-14 15:47:58,514 [WARN] PackLoader:240 - Cannot read IP mode file for STMicroelectronics.X-CUBE-AZRTOS-F4.1.1.0
2023-11-14 15:47:58,532 [WARN] PackLoader:240 - Cannot read IP mode file for wolfSSL.I-CUBE-wolfSSL.5.6.4
2023-11-14 15:47:58,564 [WARN] PackLoader:240 - Cannot read IP mode file for STMicroelectronics.X-CUBE-AZRTOS-L5.2.0.0
2023-11-14 15:47:58,585 [WARN] PackLoader:240 - Cannot read IP mode file for STMicroelectronics.X-CUBE-EEPRMA1.4.2.0
2023-11-14 15:47:58,602 [WARN] PackLoader:240 - Cannot read IP mode file for ITTIA_DB.I-CUBE-ITTIADB.8.8.0
2023-11-14 15:47:58,631 [WARN] ConditionMgr:438 - getConditionDescription Invalid condition id : UX DEVICE CLASS RTOS Condition cause : null
2023-11-14 15:47:58,631 [WARN] ConditionMgr:438 - getConditionDescription Invalid condition id : UX DEVICE CLASS RTOS Condition cause : null
2023-11-14 15:47:58,634 [WARN] PackLoader:240 - Cannot read IP mode file for STMicroelectronics.X-CUBE-AZRTOS-H7.3.1.0
2023-11-14 15:47:58,635 [WARN] ConditionMgr:1039 - genDependencies : Invalid condition id : UX DEVICE CLASS RTOS Condition cause : null
2023-11-14 15:47:58,636 [WARN] ConditionMgr:1039 - genDependencies : Invalid condition id : UX DEVICE CLASS RTOS Condition cause : null
2023-11-14 15:47:58,636 [WARN] ConditionMgr:1039 - genDependencies : Invalid condition id : UX DEVICE CLASS RTOS Condition cause : null
2023-11-14 15:47:58,637 [WARN] ConditionMgr:1039 - genDependencies : Invalid condition id : UX DEVICE CLASS RTOS Condition cause : null
2023-11-14 15:47:58,637 [WARN] ConditionMgr:1039 - genDependencies : Invalid condition id : UX DEVICE CLASS RTOS Condition cause : null
2023-11-14 15:47:58,653 [WARN] PackLoader:240 - Cannot read IP mode file for STMicroelectronics.X-CUBE-NFC7.1.0.1
2023-11-14 15:47:58,671 [WARN] PackLoader:240 - Cannot read IP mode file for STMicroelectronics.X-CUBE-NFC6.3.0.0
2023-11-14 15:47:58,689 [WARN] PackLoader:240 - Cannot read IP mode file for STMicroelectronics.X-CUBE-AI.8.1.0
2023-11-14 15:47:58,736 [WARN] ConditionMgr:438 - getConditionDescription Invalid condition id : LAN8742 Phy interface Condition cause : null
2023-11-14 15:47:58,737 [WARN] PackLoader:240 - Cannot read IP mode file for STMicroelectronics.X-CUBE-AZRTOS-L4.2.0.0
2023-11-14 15:47:58,739 [WARN] ConditionMgr:1039 - genDependencies : Invalid condition id : LAN8742 Phy interface Condition cause : null
2023-11-14 15:47:58,740 [WARN] ConditionMgr:1039 - genDependencies : Invalid condition id : LAN8742 Phy interface Condition cause : null
2023-11-14 15:47:58,740 [WARN] ConditionMgr:1039 - genDependencies : Invalid condition id : LAN8742 Phy interface Condition cause : null
2023-11-14 15:47:58,760 [WARN] PackLoader:240 - Cannot read IP mode file for STMicroelectronics.X-CUBE-SFXS2LP1.4.0.0
2023-11-14 15:47:58,774 [WARN] PackLoader:240 - Cannot read IP mode file for STMicroelectronics.X-CUBE-ISPU.1.1.0
2023-11-14 15:47:58,803 [WARN] ConditionMgr:438 - getConditionDescription Invalid condition id : UX DEVICE CLASS RTOS Condition cause : null
2023-11-14 15:47:58,803 [WARN] ConditionMgr:438 - getConditionDescription Invalid condition id : UX DEVICE CLASS RTOS Condition cause : null
2023-11-14 15:47:58,805 [WARN] PackLoader:240 - Cannot read IP mode file for STMicroelectronics.X-CUBE-AZRTOS-WB.2.0.0
2023-11-14 15:47:58,806 [WARN] ConditionMgr:1039 - genDependencies : Invalid condition id : UX DEVICE CLASS RTOS Condition cause : null
2023-11-14 15:47:58,806 [WARN] ConditionMgr:1039 - genDependencies : Invalid condition id : UX DEVICE CLASS RTOS Condition cause : null
2023-11-14 15:47:58,806 [WARN] ConditionMgr:1039 - genDependencies : Invalid condition id : UX DEVICE CLASS RTOS Condition cause : null
2023-11-14 15:47:58,806 [WARN] ConditionMgr:1039 - genDependencies : Invalid condition id : UX DEVICE CLASS RTOS Condition cause : null
2023-11-14 15:47:58,806 [WARN] ConditionMgr:1039 - genDependencies : Invalid condition id : UX DEVICE CLASS RTOS Condition cause : null
2023-11-14 15:47:58,827 [WARN] PackLoader:240 - Cannot read IP mode file for STMicroelectronics.X-CUBE-SUBG2.5.0.0
2023-11-14 15:47:58,855 [WARN] PackLoader:240 - Cannot read IP mode file for STMicroelectronics.X-CUBE-TOF1.3.3.1
2023-11-14 15:47:58,894 [WARN] PackLoader:240 - Cannot read IP mode file for STMicroelectronics.X-CUBE-AZRTOS-G4.2.0.0
2023-11-14 15:47:58,925 [WARN] PackLoader:240 - Cannot read IP mode file for Infineon.AIROC-Wi-Fi-Bluetooth-STM32.1.5.1
2023-11-14 15:47:58,934 [WARN] PackLoader:240 - Cannot read IP mode file for STMicroelectronics.FP-SNS-MOTENVWB1.1.3.0
2023-11-14 15:47:59,044 [WARN] PackLoader:240 - Cannot read IP mode file for STMicroelectronics.X-CUBE-MEMS1.10.0.0
2023-11-14 15:47:59,172 [WARN] PackLoader:240 - Cannot read IP mode file for STMicroelectronics.X-CUBE-FREERTOS.1.1.0
2023-11-14 15:47:59,190 [WARN] PackLoader:240 - Cannot read IP mode file for portGmbH.I-Cube-SoM-uGOAL.1.1.0
2023-11-14 15:47:59,207 [WARN] PackLoader:240 - Cannot read IP mode file for STMicroelectronics.X-CUBE-ALS.1.0.1
2023-11-14 15:47:59,214 [WARN] PackLoader:240 - Cannot read IP mode file for STMicroelectronics.FP-ATR-ASTRA1.2.0.0
2023-11-14 15:47:59,216 [INFO] ThirdParty:978 - Integrity check success = true
2023-11-14 15:47:59,216 [INFO] IntegrityCheckThread:100 - exiting critical section [integrity check]
2023-11-14 15:47:59,216 [INFO] IntegrityCheckThread:103 - End integrity checks thread
2023-11-14 15:48:04,309 [ERROR] ConfigurationRetriever:142 - IOException on connection: Connect timed out
2023-11-14 15:48:06,912 [ERROR] LogOutputStream:75 - [STDERR_REDIRECT] 
